INFO  time: initialize in 0.55s
WARN  no build tool detected in workspace '/Users/Jonathan/Documents/GitHub/rayTracing'. The most common cause for this problem is that the editor was opened in the wrong working directory, for example if you use sbt then the workspace directory should contain build.sbt. 
WARN  no build target: /Users/Jonathan/Documents/GitHub/rayTracing/OO/build.sbt
WARN  no build target: /Users/Jonathan/Documents/GitHub/rayTracing/build.sbt
WARN  Skipping build import for unsupported sbt version <unknown>
Sep 20, 2019 6:32:57 PM org.eclipse.lsp4j.jsonrpc.RemoteEndpoint handleNotification
WARNING: Notification threw an exception: {
  "jsonrpc": "2.0",
  "method": "workspace/didChangeWatchedFiles",
  "params": {
    "changes": [
      {
        "uri": "file:///Users/Jonathan/Documents/GitHub/rayTracing/build.sbt",
        "type": 3
      }
    ]
  }
}
java.lang.RuntimeException: java.lang.reflect.InvocationTargetException
	at org.eclipse.lsp4j.jsonrpc.services.GenericEndpoint.lambda$null$0(GenericEndpoint.java:67)
	at org.eclipse.lsp4j.jsonrpc.services.GenericEndpoint.notify(GenericEndpoint.java:152)
	at org.eclipse.lsp4j.jsonrpc.RemoteEndpoint.handleNotification(RemoteEndpoint.java:220)
	at org.eclipse.lsp4j.jsonrpc.RemoteEndpoint.consume(RemoteEndpoint.java:187)
	at org.eclipse.lsp4j.jsonrpc.json.StreamMessageProducer.handleMessage(StreamMessageProducer.java:194)
	at org.eclipse.lsp4j.jsonrpc.json.StreamMessageProducer.listen(StreamMessageProducer.java:94)
	at org.eclipse.lsp4j.jsonrpc.json.ConcurrentMessageProcessor.run(ConcurrentMessageProcessor.java:113)
	at java.util.concurrent.Executors$RunnableAdapter.call(Executors.java:511)
	at java.util.concurrent.FutureTask.run(FutureTask.java:266)
	at java.util.concurrent.ThreadPoolExecutor.runWorker(ThreadPoolExecutor.java:1149)
	at java.util.concurrent.ThreadPoolExecutor$Worker.run(ThreadPoolExecutor.java:624)
	at java.lang.Thread.run(Thread.java:748)
Caused by: java.lang.reflect.InvocationTargetException
	at sun.reflect.NativeMethodAccessorImpl.invoke0(Native Method)
	at sun.reflect.NativeMethodAccessorImpl.invoke(NativeMethodAccessorImpl.java:62)
	at sun.reflect.DelegatingMethodAccessorImpl.invoke(DelegatingMethodAccessorImpl.java:43)
	at java.lang.reflect.Method.invoke(Method.java:498)
	at org.eclipse.lsp4j.jsonrpc.services.GenericEndpoint.lambda$null$0(GenericEndpoint.java:65)
	... 11 more
Caused by: java.nio.file.NoSuchFileException: /Users/Jonathan/Documents/GitHub/rayTracing/build.sbt
	at sun.nio.fs.UnixException.translateToIOException(UnixException.java:86)
	at sun.nio.fs.UnixException.rethrowAsIOException(UnixException.java:102)
	at sun.nio.fs.UnixException.rethrowAsIOException(UnixException.java:107)
	at sun.nio.fs.UnixFileSystemProvider.newByteChannel(UnixFileSystemProvider.java:214)
	at java.nio.file.Files.newByteChannel(Files.java:361)
	at java.nio.file.Files.newByteChannel(Files.java:407)
	at java.nio.file.Files.readAllBytes(Files.java:3152)
	at scala.meta.internal.io.PlatformFileIO$.slurp(PlatformFileIO.scala:45)
	at scala.meta.internal.io.FileIO$.slurp(FileIO.scala:24)
	at scala.meta.internal.metals.MetalsLanguageServer.$anonfun$onChange$1(MetalsLanguageServer.scala:768)
	at scala.meta.internal.metals.MetalsLanguageServer.$anonfun$onChange$1$adapted(MetalsLanguageServer.scala:767)
	at scala.collection.immutable.Stream.foreach(Stream.scala:533)
	at scala.meta.internal.metals.MetalsLanguageServer.onChange(MetalsLanguageServer.scala:767)
	at scala.meta.internal.metals.MetalsLanguageServer.didChangeWatchedFiles(MetalsLanguageServer.scala:732)
	... 16 more

WARN  no build target: /Users/Jonathan/Documents/GitHub/rayTracing/raytracing/build.sbt
Sep 20, 2019 6:36:41 PM org.eclipse.lsp4j.jsonrpc.RemoteEndpoint handleNotification
WARNING: Notification threw an exception: {
  "jsonrpc": "2.0",
  "method": "metals/didFocusTextDocument",
  "params": "git:/Users/Jonathan/Documents/GitHub/rayTracing/raytracing/build.sbt?%7B%22path%22%3A%22%2FUsers%2FJonathan%2FDocuments%2FGitHub%2FrayTracing%2Fraytracing%2Fbuild.sbt%22%2C%22ref%22%3A%22~%22%7D"
}
java.lang.RuntimeException: java.lang.reflect.InvocationTargetException
	at org.eclipse.lsp4j.jsonrpc.services.GenericEndpoint.lambda$null$0(GenericEndpoint.java:67)
	at org.eclipse.lsp4j.jsonrpc.services.GenericEndpoint.notify(GenericEndpoint.java:152)
	at org.eclipse.lsp4j.jsonrpc.RemoteEndpoint.handleNotification(RemoteEndpoint.java:220)
	at org.eclipse.lsp4j.jsonrpc.RemoteEndpoint.consume(RemoteEndpoint.java:187)
	at org.eclipse.lsp4j.jsonrpc.json.StreamMessageProducer.handleMessage(StreamMessageProducer.java:194)
	at org.eclipse.lsp4j.jsonrpc.json.StreamMessageProducer.listen(StreamMessageProducer.java:94)
	at org.eclipse.lsp4j.jsonrpc.json.ConcurrentMessageProcessor.run(ConcurrentMessageProcessor.java:113)
	at java.util.concurrent.Executors$RunnableAdapter.call(Executors.java:511)
	at java.util.concurrent.FutureTask.run(FutureTask.java:266)
	at java.util.concurrent.ThreadPoolExecutor.runWorker(ThreadPoolExecutor.java:1149)
	at java.util.concurrent.ThreadPoolExecutor$Worker.run(ThreadPoolExecutor.java:624)
	at java.lang.Thread.run(Thread.java:748)
Caused by: java.lang.reflect.InvocationTargetException
	at sun.reflect.NativeMethodAccessorImpl.invoke0(Native Method)
	at sun.reflect.NativeMethodAccessorImpl.invoke(NativeMethodAccessorImpl.java:62)
	at sun.reflect.DelegatingMethodAccessorImpl.invoke(DelegatingMethodAccessorImpl.java:43)
	at java.lang.reflect.Method.invoke(Method.java:498)
	at org.eclipse.lsp4j.jsonrpc.services.GenericEndpoint.lambda$null$0(GenericEndpoint.java:65)
	... 11 more
Caused by: java.nio.file.FileSystemNotFoundException: Provider "git" not installed
	at java.nio.file.Paths.get(Paths.java:147)
	at scala.meta.internal.metals.MetalsEnrichments$XtensionStringUriProtocol.toAbsolutePath(MetalsEnrichments.scala:346)
	at scala.meta.internal.metals.MetalsLanguageServer.didFocus(MetalsLanguageServer.scala:623)
	... 16 more

WARN  no build target: /Users/Jonathan/Documents/GitHub/rayTracing/raytracing/build.sbt
WARN  no build target: /Users/Jonathan/Documents/GitHub/rayTracing/raytracing/build.sbt
WARN  no build target: /Users/Jonathan/Documents/GitHub/rayTracing/project/build.properties
INFO  running '/Library/Java/JavaVirtualMachines/jdk1.8.0_144.jdk/Contents/Home/jre/bin/java -Djline.terminal=jline.UnsupportedTerminal -Dsbt.log.noformat=true -Dfile.encoding=UTF-8 -jar /var/folders/rh/3hm6djwx6nd3pz6j10ts_6tr0000gn/T/metals861858051301389402/sbt-launch.jar metalsEnable bloopInstall'
INFO  [info] Loading settings for project global-plugins from metals.sbt ...
INFO  [info] Loading global plugins from /Users/Jonathan/.sbt/1.0/plugins
INFO  [info] Updating ProjectRef(uri("file:/Users/Jonathan/.sbt/1.0/plugins/"), "global-plugins")...
INFO  [info] downloading https://repo1.maven.org/maven2/ch/epfl/scala/bloop-config_2.12/1.3.2/bloop-config_2.12-1.3.2.jar ...
INFO  [info] downloading https://repo1.maven.org/maven2/io/circe/circe-parser_2.12/0.9.3/circe-parser_2.12-0.9.3.jar ...
INFO  [info] downloading https://repo1.maven.org/maven2/ch/epfl/scala/sbt-bloop_2.12_1.0/1.3.2/sbt-bloop-1.3.2.jar ...
INFO  [info] downloading https://repo1.maven.org/maven2/io/circe/circe-derivation_2.12/0.9.0-M3/circe-derivation_2.12-0.9.0-M3.jar ...
INFO  [info] downloading https://repo1.maven.org/maven2/io/circe/circe-jawn_2.12/0.9.3/circe-jawn_2.12-0.9.3.jar ...
INFO  [info] downloading https://repo1.maven.org/maven2/org/scalameta/sbt-metals_2.12_1.0/0.7.5/sbt-metals-0.7.5.jar ...
INFO  [info] 	[SUCCESSFUL ] org.scalameta#sbt-metals;0.7.5!sbt-metals.jar (211ms)
INFO  [info] downloading https://repo1.maven.org/maven2/io/circe/circe-core_2.12/0.9.3/circe-core_2.12-0.9.3.jar ...
INFO  [info] 	[SUCCESSFUL ] io.circe#circe-derivation_2.12;0.9.0-M3!circe-derivation_2.12.jar (146ms)
INFO  [info] downloading https://repo1.maven.org/maven2/org/spire-math/jawn-parser_2.12/0.11.1/jawn-parser_2.12-0.11.1.jar ...
INFO  [info] 	[SUCCESSFUL ] ch.epfl.scala#bloop-config_2.12;1.3.2!bloop-config_2.12.jar (271ms)
INFO  [info] downloading https://repo1.maven.org/maven2/io/circe/circe-numbers_2.12/0.9.3/circe-numbers_2.12-0.9.3.jar ...
INFO  [info] 	[SUCCESSFUL ] io.circe#circe-parser_2.12;0.9.3!circe-parser_2.12.jar (237ms)
INFO  [info] downloading https://repo1.maven.org/maven2/org/typelevel/cats-core_2.12/1.0.1/cats-core_2.12-1.0.1.jar ...
INFO  [info] 	[SUCCESSFUL ] io.circe#circe-jawn_2.12;0.9.3!circe-jawn_2.12.jar (173ms)
INFO  [info] downloading https://repo1.maven.org/maven2/org/typelevel/cats-macros_2.12/1.0.1/cats-macros_2.12-1.0.1.jar ...
INFO  [info] 	[SUCCESSFUL ] ch.epfl.scala#sbt-bloop;1.3.2!sbt-bloop.jar (349ms)
INFO  [info] downloading https://repo1.maven.org/maven2/org/typelevel/cats-kernel_2.12/1.0.1/cats-kernel_2.12-1.0.1.jar ...
INFO  [info] 	[SUCCESSFUL ] org.spire-math#jawn-parser_2.12;0.11.1!jawn-parser_2.12.jar (201ms)
INFO  [info] downloading https://repo1.maven.org/maven2/org/typelevel/machinist_2.12/0.6.2/machinist_2.12-0.6.2.jar ...
INFO  [info] 	[SUCCESSFUL ] org.typelevel#cats-macros_2.12;1.0.1!cats-macros_2.12.jar (164ms)
INFO  [info] 	[SUCCESSFUL ] org.typelevel#machinist_2.12;0.6.2!machinist_2.12.jar (77ms)
INFO  [info] 	[SUCCESSFUL ] io.circe#circe-core_2.12;0.9.3!circe-core_2.12.jar (319ms)
INFO  [info] 	[SUCCESSFUL ] io.circe#circe-numbers_2.12;0.9.3!circe-numbers_2.12.jar (272ms)
INFO  [info] 	[SUCCESSFUL ] org.typelevel#cats-kernel_2.12;1.0.1!cats-kernel_2.12.jar (560ms)
INFO  [info] 	[SUCCESSFUL ] org.typelevel#cats-core_2.12;1.0.1!cats-core_2.12.jar (816ms)
INFO  [info] Done updating.
INFO  [info] Loading project definition from /Users/Jonathan/Documents/GitHub/rayTracing/project
INFO  [info] Updating ProjectRef(uri("file:/Users/Jonathan/Documents/GitHub/rayTracing/project/"), "raytracing-build")...
INFO  [info] Done updating.
INFO  [success] Generated .bloop/raytracing-build.json
INFO  [success] Total time: 5 s, completed Sep 20, 2019 6:48:07 PM
INFO  [info] Updating ProjectRef(uri("file:/Users/Jonathan/Documents/GitHub/rayTracing/project/"), "raytracing-build")...
INFO  [info] Done updating.
INFO  [info] Set current project to raytracing (in build file:/Users/Jonathan/Documents/GitHub/rayTracing/)
INFO  [info] Set current project to raytracing (in build file:/Users/Jonathan/Documents/GitHub/rayTracing/)
INFO  [info] semanticdb-scalac is enabled
INFO  [info] Updating ...
INFO  [info] downloading https://repo1.maven.org/maven2/org/scalameta/semanticdb-scalac_2.12.7/4.2.2/semanticdb-scalac_2.12.7-4.2.2.jar ...
INFO  [info] 	[SUCCESSFUL ] org.scalameta#semanticdb-scalac_2.12.7;4.2.2!semanticdb-scalac_2.12.7.jar (1267ms)
INFO  [info] Done updating.
INFO  [info] downloading https://repo1.maven.org/maven2/org/scalameta/semanticdb-scalac_2.12.7/4.2.2/semanticdb-scalac_2.12.7-4.2.2-sources.jar ...
INFO  [info] downloading https://repo1.maven.org/maven2/org/scala-lang/modules/scala-xml_2.12/1.0.6/scala-xml_2.12-1.0.6-sources.jar ...
INFO  [info] downloading https://repo1.maven.org/maven2/jline/jline/2.14.6/jline-2.14.6-sources.jar ...
INFO  [info] downloading https://repo1.maven.org/maven2/org/scala-lang/scala-library/2.12.7/scala-library-2.12.7-sources.jar ...
INFO  [info] downloading https://repo1.maven.org/maven2/org/scala-lang/scala-compiler/2.12.7/scala-compiler-2.12.7-sources.jar ...
INFO  [info] 	[SUCCESSFUL ] org.scalameta#semanticdb-scalac_2.12.7;4.2.2!semanticdb-scalac_2.12.7.jar(src) (125ms)
INFO  [info] 	[SUCCESSFUL ] org.scala-lang.modules#scala-xml_2.12;1.0.6!scala-xml_2.12.jar(src) (125ms)
INFO  [info] 	[SUCCESSFUL ] jline#jline;2.14.6!jline.jar(src) (143ms)
INFO  [info] 	[SUCCESSFUL ] org.scala-lang#scala-library;2.12.7!scala-library.jar(src) (241ms)
INFO  [info] downloading https://repo1.maven.org/maven2/org/scala-lang/scala-reflect/2.12.7/scala-reflect-2.12.7-sources.jar ...
INFO  [info] 	[SUCCESSFUL ] org.scala-lang#scala-reflect;2.12.7!scala-reflect.jar(src) (338ms)
INFO  [info] 	[SUCCESSFUL ] org.scala-lang#scala-compiler;2.12.7!scala-compiler.jar(src) (426ms)
INFO  [success] Generated .bloop/raytracing-test.json
INFO  [success] Generated .bloop/raytracing.json
INFO  [success] Total time: 3 s, completed Sep 20, 2019 6:48:14 PM
INFO  time: ran 'sbt bloopInstall' in 47s
INFO  build tool exit: 0
INFO  running embedded 'bloop bsp --protocol local --socket /var/folders/rh/3hm6djwx6nd3pz6j10ts_6tr0000gn/T/bsp3590273859846998390/1amprfjxbzt0x.socket'
Downloading https://repo1.maven.org/maven2/ch/epfl/scala/bloop-frontend_2.12/1.3.2/bloop-frontend_2.12-1.3.2.pom.sha1
Downloading https://repo1.maven.org/maven2/ch/epfl/scala/bloop-frontend_2.12/1.3.2/bloop-frontend_2.12-1.3.2.pom
Downloaded https://repo1.maven.org/maven2/ch/epfl/scala/bloop-frontend_2.12/1.3.2/bloop-frontend_2.12-1.3.2.pom
Downloaded https://repo1.maven.org/maven2/ch/epfl/scala/bloop-frontend_2.12/1.3.2/bloop-frontend_2.12-1.3.2.pom.sha1
Downloading https://repo1.maven.org/maven2/ch/epfl/scala/bloop-frontend_2.12/1.3.2/
Downloaded https://repo1.maven.org/maven2/ch/epfl/scala/bloop-frontend_2.12/1.3.2/
Downloading https://repo1.maven.org/maven2/org/scalaz/scalaz-core_2.12/7.2.20/scalaz-core_2.12-7.2.20.pom
Downloading https://repo1.maven.org/maven2/org/scalaz/scalaz-core_2.12/7.2.20/scalaz-core_2.12-7.2.20.pom.sha1
Downloading https://repo1.maven.org/maven2/ch/epfl/scala/sockets/1.3.2/sockets-1.3.2.pom
Downloading https://repo1.maven.org/maven2/ch/epfl/scala/sockets/1.3.2/sockets-1.3.2.pom.sha1
Downloading https://repo1.maven.org/maven2/io/monix/monix_2.12/2.3.3/monix_2.12-2.3.3.pom
Downloading https://repo1.maven.org/maven2/ch/epfl/scala/case-app_2.12/1.2.0-faster-compile-time/case-app_2.12-1.2.0-faster-compile-time.pom
Downloaded https://repo1.maven.org/maven2/org/scalaz/scalaz-core_2.12/7.2.20/scalaz-core_2.12-7.2.20.pom.sha1
Downloading https://repo1.maven.org/maven2/ch/epfl/scala/case-app_2.12/1.2.0-faster-compile-time/case-app_2.12-1.2.0-faster-compile-time.pom.sha1
Downloaded https://repo1.maven.org/maven2/ch/epfl/scala/case-app_2.12/1.2.0-faster-compile-time/case-app_2.12-1.2.0-faster-compile-time.pom.sha1
Downloading https://repo1.maven.org/maven2/io/monix/monix_2.12/2.3.3/monix_2.12-2.3.3.pom.sha1
Downloaded https://repo1.maven.org/maven2/ch/epfl/scala/case-app_2.12/1.2.0-faster-compile-time/case-app_2.12-1.2.0-faster-compile-time.pom
Downloading https://repo1.maven.org/maven2/ch/epfl/scala/bloop-backend_2.12/1.3.2/bloop-backend_2.12-1.3.2.pom.sha1
Downloaded https://repo1.maven.org/maven2/ch/epfl/scala/sockets/1.3.2/sockets-1.3.2.pom
Downloading https://repo1.maven.org/maven2/ch/epfl/scala/bloop-backend_2.12/1.3.2/bloop-backend_2.12-1.3.2.pom
Downloaded https://repo1.maven.org/maven2/io/monix/monix_2.12/2.3.3/monix_2.12-2.3.3.pom
Downloaded https://repo1.maven.org/maven2/org/scalaz/scalaz-core_2.12/7.2.20/scalaz-core_2.12-7.2.20.pom
Downloaded https://repo1.maven.org/maven2/io/monix/monix_2.12/2.3.3/monix_2.12-2.3.3.pom.sha1
Downloaded https://repo1.maven.org/maven2/ch/epfl/scala/bloop-backend_2.12/1.3.2/bloop-backend_2.12-1.3.2.pom.sha1
Downloaded https://repo1.maven.org/maven2/ch/epfl/scala/sockets/1.3.2/sockets-1.3.2.pom.sha1
Downloading https://repo1.maven.org/maven2/ch/epfl/scala/case-app_2.12/1.2.0-faster-compile-time/
Downloading https://repo1.maven.org/maven2/org/scala-lang/scala-library/2.12.9/
Downloading https://repo1.maven.org/maven2/org/scalaz/scalaz-core_2.12/7.2.20/
Downloading https://repo1.maven.org/maven2/io/monix/monix_2.12/2.3.3/
Downloading https://repo1.maven.org/maven2/ch/epfl/scala/sockets/1.3.2/
Downloaded https://repo1.maven.org/maven2/ch/epfl/scala/bloop-backend_2.12/1.3.2/bloop-backend_2.12-1.3.2.pom
Downloading https://repo1.maven.org/maven2/com/zaxxer/nuprocess/1.2.4/
Downloaded https://repo1.maven.org/maven2/ch/epfl/scala/case-app_2.12/1.2.0-faster-compile-time/
Downloading https://repo1.maven.org/maven2/ch/epfl/scala/bloop-config_2.12/1.3.2/bloop-config_2.12-1.3.2.pom
Downloaded https://repo1.maven.org/maven2/org/scala-lang/scala-library/2.12.9/
Downloading https://repo1.maven.org/maven2/ch/epfl/scala/bloop-config_2.12/1.3.2/bloop-config_2.12-1.3.2.pom.sha1
Downloaded https://repo1.maven.org/maven2/org/scalaz/scalaz-core_2.12/7.2.20/
Downloaded https://repo1.maven.org/maven2/io/monix/monix_2.12/2.3.3/
Downloading https://repo1.maven.org/maven2/ch/epfl/scala/bloop-backend_2.12/1.3.2/
Downloaded https://repo1.maven.org/maven2/ch/epfl/scala/sockets/1.3.2/
Downloaded https://repo1.maven.org/maven2/com/zaxxer/nuprocess/1.2.4/
Downloaded https://repo1.maven.org/maven2/ch/epfl/scala/bloop-config_2.12/1.3.2/bloop-config_2.12-1.3.2.pom.sha1
Downloaded https://repo1.maven.org/maven2/ch/epfl/scala/bloop-config_2.12/1.3.2/bloop-config_2.12-1.3.2.pom
Downloaded https://repo1.maven.org/maven2/ch/epfl/scala/bloop-backend_2.12/1.3.2/
Downloading https://repo1.maven.org/maven2/ch/epfl/scala/bloop-config_2.12/1.3.2/
Downloaded https://repo1.maven.org/maven2/ch/epfl/scala/bloop-config_2.12/1.3.2/
Downloading https://repo1.maven.org/maven2/org/sonatype/oss/oss-parent/7/
Downloaded https://repo1.maven.org/maven2/org/sonatype/oss/oss-parent/7/
Downloading https://repo1.maven.org/maven2/ch/epfl/scala/case-app-annotations_2.12/1.2.0-faster-compile-time/case-app-annotations_2.12-1.2.0-faster-compile-time.pom.sha1
Downloading https://repo1.maven.org/maven2/ch/epfl/scala/case-app-annotations_2.12/1.2.0-faster-compile-time/case-app-annotations_2.12-1.2.0-faster-compile-time.pom
Downloading https://repo1.maven.org/maven2/io/circe/circe-parser_2.12/0.9.3/circe-parser_2.12-0.9.3.pom
Downloading https://repo1.maven.org/maven2/io/circe/circe-parser_2.12/0.9.3/circe-parser_2.12-0.9.3.pom.sha1
Downloading https://repo1.maven.org/maven2/io/circe/circe-derivation_2.12/0.9.0-M3/circe-derivation_2.12-0.9.0-M3.pom.sha1
Downloading https://repo1.maven.org/maven2/io/zipkin/reporter2/zipkin-sender-urlconnection/2.7.15/zipkin-sender-urlconnection-2.7.15.pom
Downloaded https://repo1.maven.org/maven2/io/zipkin/reporter2/zipkin-sender-urlconnection/2.7.15/zipkin-sender-urlconnection-2.7.15.pom
Downloading https://repo1.maven.org/maven2/net/java/dev/jna/jna-platform/4.5.0/jna-platform-4.5.0.pom.sha1
Downloaded https://repo1.maven.org/maven2/ch/epfl/scala/case-app-annotations_2.12/1.2.0-faster-compile-time/case-app-annotations_2.12-1.2.0-faster-compile-time.pom.sha1
Downloading https://repo1.maven.org/maven2/io/zipkin/reporter2/zipkin-sender-urlconnection/2.7.15/zipkin-sender-urlconnection-2.7.15.pom.sha1
Downloaded https://repo1.maven.org/maven2/io/circe/circe-derivation_2.12/0.9.0-M3/circe-derivation_2.12-0.9.0-M3.pom.sha1
Downloading https://repo1.maven.org/maven2/io/circe/circe-derivation_2.12/0.9.0-M3/circe-derivation_2.12-0.9.0-M3.pom
Downloaded https://repo1.maven.org/maven2/io/circe/circe-parser_2.12/0.9.3/circe-parser_2.12-0.9.3.pom.sha1
Downloading https://repo1.maven.org/maven2/net/java/dev/jna/jna-platform/4.5.0/jna-platform-4.5.0.pom
Downloaded https://repo1.maven.org/maven2/io/circe/circe-parser_2.12/0.9.3/circe-parser_2.12-0.9.3.pom
Downloaded https://repo1.maven.org/maven2/io/zipkin/reporter2/zipkin-sender-urlconnection/2.7.15/zipkin-sender-urlconnection-2.7.15.pom.sha1
Downloaded https://repo1.maven.org/maven2/io/circe/circe-derivation_2.12/0.9.0-M3/circe-derivation_2.12-0.9.0-M3.pom
Downloaded https://repo1.maven.org/maven2/net/java/dev/jna/jna-platform/4.5.0/jna-platform-4.5.0.pom.sha1
Downloaded https://repo1.maven.org/maven2/net/java/dev/jna/jna-platform/4.5.0/jna-platform-4.5.0.pom
Downloading https://repo1.maven.org/maven2/io/get-coursier/coursier-cache_2.12/1.1.0-M14-4/coursier-cache_2.12-1.1.0-M14-4.pom
Downloading https://repo1.maven.org/maven2/io/get-coursier/coursier-cache_2.12/1.1.0-M14-4/coursier-cache_2.12-1.1.0-M14-4.pom.sha1
Downloading https://repo1.maven.org/maven2/io/circe/circe-derivation_2.12/0.9.0-M3/
Downloaded https://repo1.maven.org/maven2/ch/epfl/scala/case-app-annotations_2.12/1.2.0-faster-compile-time/case-app-annotations_2.12-1.2.0-faster-compile-time.pom
Downloading https://repo1.maven.org/maven2/io/circe/circe-parser_2.12/0.9.3/
Downloading https://repo1.maven.org/maven2/net/java/dev/jna/jna-platform/4.5.0/
Downloading https://repo1.maven.org/maven2/io/zipkin/reporter2/zipkin-sender-urlconnection/2.7.15/
Downloaded https://repo1.maven.org/maven2/io/get-coursier/coursier-cache_2.12/1.1.0-M14-4/coursier-cache_2.12-1.1.0-M14-4.pom
Downloaded https://repo1.maven.org/maven2/io/get-coursier/coursier-cache_2.12/1.1.0-M14-4/coursier-cache_2.12-1.1.0-M14-4.pom.sha1
Downloading https://repo1.maven.org/maven2/ch/epfl/scala/case-app-annotations_2.12/1.2.0-faster-compile-time/
Downloading https://repo1.maven.org/maven2/io/get-coursier/coursier-cache_2.12/1.1.0-M14-4/
Downloaded https://repo1.maven.org/maven2/io/circe/circe-derivation_2.12/0.9.0-M3/
Downloaded https://repo1.maven.org/maven2/io/circe/circe-parser_2.12/0.9.3/
Downloaded https://repo1.maven.org/maven2/ch/epfl/scala/case-app-annotations_2.12/1.2.0-faster-compile-time/
Downloaded https://repo1.maven.org/maven2/net/java/dev/jna/jna-platform/4.5.0/
Downloaded https://repo1.maven.org/maven2/io/zipkin/reporter2/zipkin-sender-urlconnection/2.7.15/
Downloaded https://repo1.maven.org/maven2/io/get-coursier/coursier-cache_2.12/1.1.0-M14-4/
Downloading https://repo1.maven.org/maven2/io/github/soc/directories/10/directories-10.pom
Downloading https://repo1.maven.org/maven2/io/github/soc/directories/10/directories-10.pom.sha1
Downloading https://repo1.maven.org/maven2/io/zipkin/brave/brave/5.6.1/brave-5.6.1.pom
Downloading https://repo1.maven.org/maven2/io/zipkin/brave/brave/5.6.1/brave-5.6.1.pom.sha1
Downloading https://repo1.maven.org/maven2/io/monix/monix-execution_2.12/2.3.3/monix-execution_2.12-2.3.3.pom
Downloading https://repo1.maven.org/maven2/io/monix/monix-execution_2.12/2.3.3/monix-execution_2.12-2.3.3.pom.sha1
Downloaded https://repo1.maven.org/maven2/io/github/soc/directories/10/directories-10.pom
Downloaded https://repo1.maven.org/maven2/io/github/soc/directories/10/directories-10.pom.sha1
Downloaded https://repo1.maven.org/maven2/io/zipkin/brave/brave/5.6.1/brave-5.6.1.pom.sha1
Downloaded https://repo1.maven.org/maven2/io/zipkin/brave/brave/5.6.1/brave-5.6.1.pom
Downloading https://repo1.maven.org/maven2/com/lihaoyi/pprint_2.12/0.5.3/pprint_2.12-0.5.3.pom
Downloading https://repo1.maven.org/maven2/com/lihaoyi/pprint_2.12/0.5.3/pprint_2.12-0.5.3.pom.sha1
Downloading https://repo1.maven.org/maven2/org/ow2/asm/asm-util/6.0/asm-util-6.0.pom
Downloaded https://repo1.maven.org/maven2/io/monix/monix-execution_2.12/2.3.3/monix-execution_2.12-2.3.3.pom
Downloading https://repo1.maven.org/maven2/org/ow2/asm/asm-util/6.0/asm-util-6.0.pom.sha1
Downloading https://repo1.maven.org/maven2/io/monix/monix-eval_2.12/2.3.3/monix-eval_2.12-2.3.3.pom.sha1
Downloaded https://repo1.maven.org/maven2/org/ow2/asm/asm-util/6.0/asm-util-6.0.pom
Downloading https://repo1.maven.org/maven2/io/monix/monix-eval_2.12/2.3.3/monix-eval_2.12-2.3.3.pom
Downloaded https://repo1.maven.org/maven2/com/lihaoyi/pprint_2.12/0.5.3/pprint_2.12-0.5.3.pom.sha1
Downloading https://repo1.maven.org/maven2/io/monix/monix-types_2.12/2.3.3/monix-types_2.12-2.3.3.pom.sha1
Downloaded https://repo1.maven.org/maven2/org/ow2/asm/asm-util/6.0/asm-util-6.0.pom.sha1
Downloading https://repo1.maven.org/maven2/org/scala-sbt/librarymanagement-ivy_2.12/1.0.0/librarymanagement-ivy_2.12-1.0.0.pom
Downloaded https://repo1.maven.org/maven2/com/lihaoyi/pprint_2.12/0.5.3/pprint_2.12-0.5.3.pom
Downloading https://repo1.maven.org/maven2/io/monix/monix-types_2.12/2.3.3/monix-types_2.12-2.3.3.pom
Downloaded https://repo1.maven.org/maven2/io/monix/monix-eval_2.12/2.3.3/monix-eval_2.12-2.3.3.pom.sha1
Downloading https://repo1.maven.org/maven2/org/scala-sbt/librarymanagement-ivy_2.12/1.0.0/librarymanagement-ivy_2.12-1.0.0.pom.sha1
Downloaded https://repo1.maven.org/maven2/io/monix/monix-execution_2.12/2.3.3/monix-execution_2.12-2.3.3.pom.sha1
Downloading https://repo1.maven.org/maven2/ch/epfl/scala/nailgun-server/ee3c4343/nailgun-server-ee3c4343.pom.sha1
Downloaded https://repo1.maven.org/maven2/io/monix/monix-types_2.12/2.3.3/monix-types_2.12-2.3.3.pom.sha1
Downloading https://repo1.maven.org/maven2/ch/epfl/scala/nailgun-server/ee3c4343/nailgun-server-ee3c4343.pom
Downloaded https://repo1.maven.org/maven2/io/monix/monix-eval_2.12/2.3.3/monix-eval_2.12-2.3.3.pom
Downloading https://repo1.maven.org/maven2/com/lihaoyi/sourcecode_2.12/0.1.4/sourcecode_2.12-0.1.4.pom
Downloaded https://repo1.maven.org/maven2/io/monix/monix-types_2.12/2.3.3/monix-types_2.12-2.3.3.pom
Downloaded https://repo1.maven.org/maven2/org/scala-sbt/librarymanagement-ivy_2.12/1.0.0/librarymanagement-ivy_2.12-1.0.0.pom
Downloading https://repo1.maven.org/maven2/com/lihaoyi/sourcecode_2.12/0.1.4/sourcecode_2.12-0.1.4.pom.sha1
Downloaded https://repo1.maven.org/maven2/org/scala-sbt/librarymanagement-ivy_2.12/1.0.0/librarymanagement-ivy_2.12-1.0.0.pom.sha1
Downloading https://repo1.maven.org/maven2/net/jpountz/lz4/lz4/1.3.0/lz4-1.3.0.pom
Downloading https://repo1.maven.org/maven2/net/jpountz/lz4/lz4/1.3.0/lz4-1.3.0.pom.sha1
Downloaded https://repo1.maven.org/maven2/ch/epfl/scala/nailgun-server/ee3c4343/nailgun-server-ee3c4343.pom.sha1
Downloading https://repo1.maven.org/maven2/org/scala-sbt/test-agent/1.0.4/test-agent-1.0.4.pom
Downloaded https://repo1.maven.org/maven2/ch/epfl/scala/nailgun-server/ee3c4343/nailgun-server-ee3c4343.pom
Downloading https://repo1.maven.org/maven2/org/scala-sbt/test-agent/1.0.4/test-agent-1.0.4.pom.sha1
Downloaded https://repo1.maven.org/maven2/com/lihaoyi/sourcecode_2.12/0.1.4/sourcecode_2.12-0.1.4.pom
Downloading https://repo1.maven.org/maven2/org/scalaz/scalaz-concurrent_2.12/7.2.20/scalaz-concurrent_2.12-7.2.20.pom
Downloaded https://repo1.maven.org/maven2/net/jpountz/lz4/lz4/1.3.0/lz4-1.3.0.pom
Downloading https://repo1.maven.org/maven2/org/scalaz/scalaz-concurrent_2.12/7.2.20/scalaz-concurrent_2.12-7.2.20.pom.sha1
Downloaded https://repo1.maven.org/maven2/net/jpountz/lz4/lz4/1.3.0/lz4-1.3.0.pom.sha1
Downloading https://repo1.maven.org/maven2/io/monix/monix-reactive_2.12/2.3.3/monix-reactive_2.12-2.3.3.pom
Downloaded https://repo1.maven.org/maven2/com/lihaoyi/sourcecode_2.12/0.1.4/sourcecode_2.12-0.1.4.pom.sha1
Downloading https://repo1.maven.org/maven2/io/monix/monix-reactive_2.12/2.3.3/monix-reactive_2.12-2.3.3.pom.sha1
Downloaded https://repo1.maven.org/maven2/org/scala-sbt/test-agent/1.0.4/test-agent-1.0.4.pom
Downloading https://repo1.maven.org/maven2/ch/epfl/scala/zinc_2.12/1.3.0-M4+22-4704d479/zinc_2.12-1.3.0-M4+22-4704d479.pom
Downloaded https://repo1.maven.org/maven2/org/scala-sbt/test-agent/1.0.4/test-agent-1.0.4.pom.sha1
Downloading https://repo1.maven.org/maven2/ch/epfl/scala/zinc_2.12/1.3.0-M4+22-4704d479/zinc_2.12-1.3.0-M4+22-4704d479.pom.sha1
Downloaded https://repo1.maven.org/maven2/org/scalaz/scalaz-concurrent_2.12/7.2.20/scalaz-concurrent_2.12-7.2.20.pom.sha1
Downloading https://repo1.maven.org/maven2/ch/epfl/scala/case-app-util_2.12/1.2.0-faster-compile-time/case-app-util_2.12-1.2.0-faster-compile-time.pom
Downloaded https://repo1.maven.org/maven2/org/scalaz/scalaz-concurrent_2.12/7.2.20/scalaz-concurrent_2.12-7.2.20.pom
Downloading https://repo1.maven.org/maven2/ch/epfl/scala/case-app-util_2.12/1.2.0-faster-compile-time/case-app-util_2.12-1.2.0-faster-compile-time.pom.sha1
Downloaded https://repo1.maven.org/maven2/io/monix/monix-reactive_2.12/2.3.3/monix-reactive_2.12-2.3.3.pom.sha1
Downloading https://repo1.maven.org/maven2/ch/epfl/scala/directory-watcher/0.8.0+6-f651bd93/directory-watcher-0.8.0+6-f651bd93.pom
Downloaded https://repo1.maven.org/maven2/io/monix/monix-reactive_2.12/2.3.3/monix-reactive_2.12-2.3.3.pom
Downloading https://repo1.maven.org/maven2/org/scala-sbt/test-interface/1.0/test-interface-1.0.pom
Downloaded https://repo1.maven.org/maven2/ch/epfl/scala/zinc_2.12/1.3.0-M4+22-4704d479/zinc_2.12-1.3.0-M4+22-4704d479.pom
Downloading https://repo1.maven.org/maven2/org/scala-sbt/test-interface/1.0/test-interface-1.0.pom.sha1
Downloaded https://repo1.maven.org/maven2/ch/epfl/scala/zinc_2.12/1.3.0-M4+22-4704d479/zinc_2.12-1.3.0-M4+22-4704d479.pom.sha1
Downloading https://repo1.maven.org/maven2/ch/epfl/scala/directory-watcher/0.8.0+6-f651bd93/directory-watcher-0.8.0+6-f651bd93.pom.sha1
Downloaded https://repo1.maven.org/maven2/ch/epfl/scala/directory-watcher/0.8.0+6-f651bd93/directory-watcher-0.8.0+6-f651bd93.pom.sha1
Downloaded https://repo1.maven.org/maven2/org/scala-sbt/test-interface/1.0/test-interface-1.0.pom
Downloading https://repo1.maven.org/maven2/ch/epfl/scala/bsp4s_2.12/2.0.0-M4/bsp4s_2.12-2.0.0-M4.pom
Downloaded https://repo1.maven.org/maven2/ch/epfl/scala/case-app-util_2.12/1.2.0-faster-compile-time/case-app-util_2.12-1.2.0-faster-compile-time.pom.sha1
Downloading https://repo1.maven.org/maven2/ch/epfl/scala/bsp4s_2.12/2.0.0-M4/bsp4s_2.12-2.0.0-M4.pom.sha1
Downloaded https://repo1.maven.org/maven2/org/scala-sbt/test-interface/1.0/test-interface-1.0.pom.sha1
Downloading https://repo1.maven.org/maven2/org/zeroturnaround/zt-zip/1.13/zt-zip-1.13.pom
Downloaded https://repo1.maven.org/maven2/ch/epfl/scala/case-app-util_2.12/1.2.0-faster-compile-time/case-app-util_2.12-1.2.0-faster-compile-time.pom
Downloading https://repo1.maven.org/maven2/org/zeroturnaround/zt-zip/1.13/zt-zip-1.13.pom.sha1
Downloading https://repo1.maven.org/maven2/org/ow2/asm/asm/6.0/asm-6.0.pom.sha1
Downloaded https://repo1.maven.org/maven2/ch/epfl/scala/directory-watcher/0.8.0+6-f651bd93/directory-watcher-0.8.0+6-f651bd93.pom
Downloading https://repo1.maven.org/maven2/org/ow2/asm/asm/6.0/asm-6.0.pom
Downloaded https://repo1.maven.org/maven2/ch/epfl/scala/bsp4s_2.12/2.0.0-M4/bsp4s_2.12-2.0.0-M4.pom
Downloading https://repo1.maven.org/maven2/io/get-coursier/coursier_2.12/1.1.0-M14-4/coursier_2.12-1.1.0-M14-4.pom
Downloaded https://repo1.maven.org/maven2/org/ow2/asm/asm/6.0/asm-6.0.pom.sha1
Downloading https://repo1.maven.org/maven2/io/get-coursier/coursier_2.12/1.1.0-M14-4/coursier_2.12-1.1.0-M14-4.pom.sha1
Downloaded https://repo1.maven.org/maven2/org/zeroturnaround/zt-zip/1.13/zt-zip-1.13.pom.sha1
Downloaded https://repo1.maven.org/maven2/ch/epfl/scala/bsp4s_2.12/2.0.0-M4/bsp4s_2.12-2.0.0-M4.pom.sha1
Downloading https://repo1.maven.org/maven2/io/github/soc/directories/10/
Downloaded https://repo1.maven.org/maven2/org/zeroturnaround/zt-zip/1.13/zt-zip-1.13.pom
Downloading https://repo1.maven.org/maven2/io/zipkin/brave/brave/5.6.1/
Downloading https://repo1.maven.org/maven2/com/googlecode/java-diff-utils/diffutils/1.3.0/
Downloaded https://repo1.maven.org/maven2/org/ow2/asm/asm/6.0/asm-6.0.pom
Downloaded https://repo1.maven.org/maven2/io/get-coursier/coursier_2.12/1.1.0-M14-4/coursier_2.12-1.1.0-M14-4.pom.sha1
Downloading https://repo1.maven.org/maven2/io/monix/monix-types_2.12/2.3.3/
Downloading https://repo1.maven.org/maven2/io/monix/monix-execution_2.12/2.3.3/
Downloaded https://repo1.maven.org/maven2/io/zipkin/brave/brave/5.6.1/
Downloaded https://repo1.maven.org/maven2/com/googlecode/java-diff-utils/diffutils/1.3.0/
Downloading https://repo1.maven.org/maven2/org/ow2/asm/asm-util/6.0/
Downloaded https://repo1.maven.org/maven2/io/get-coursier/coursier_2.12/1.1.0-M14-4/coursier_2.12-1.1.0-M14-4.pom
Downloading https://repo1.maven.org/maven2/com/lihaoyi/pprint_2.12/0.5.3/
Downloading https://repo1.maven.org/maven2/io/monix/monix-eval_2.12/2.3.3/
Downloaded https://repo1.maven.org/maven2/io/github/soc/directories/10/
Downloading https://repo1.maven.org/maven2/net/java/dev/jna/jna/4.5.1/
Downloaded https://repo1.maven.org/maven2/io/monix/monix-types_2.12/2.3.3/
Downloading https://repo1.maven.org/maven2/ch/epfl/scala/nailgun-server/ee3c4343/
Downloaded https://repo1.maven.org/maven2/io/monix/monix-eval_2.12/2.3.3/
Downloading https://repo1.maven.org/maven2/io/monix/monix-reactive_2.12/2.3.3/
Downloaded https://repo1.maven.org/maven2/com/lihaoyi/pprint_2.12/0.5.3/
Downloading https://repo1.maven.org/maven2/com/lihaoyi/sourcecode_2.12/0.1.4/
Downloaded https://repo1.maven.org/maven2/io/monix/monix-execution_2.12/2.3.3/
Downloading https://repo1.maven.org/maven2/net/jpountz/lz4/lz4/1.3.0/
Downloaded https://repo1.maven.org/maven2/org/ow2/asm/asm-util/6.0/
Downloading https://repo1.maven.org/maven2/org/scala-sbt/librarymanagement-ivy_2.12/1.0.0/
Downloaded https://repo1.maven.org/maven2/net/java/dev/jna/jna/4.5.1/
Downloading https://repo1.maven.org/maven2/org/scala-sbt/test-agent/1.0.4/
Downloaded https://repo1.maven.org/maven2/ch/epfl/scala/nailgun-server/ee3c4343/
Downloading https://repo1.maven.org/maven2/org/scalaz/scalaz-concurrent_2.12/7.2.20/
Downloaded https://repo1.maven.org/maven2/io/monix/monix-reactive_2.12/2.3.3/
Downloading https://repo1.maven.org/maven2/ch/epfl/scala/zinc_2.12/1.3.0-M4+22-4704d479/
Downloaded https://repo1.maven.org/maven2/com/lihaoyi/sourcecode_2.12/0.1.4/
Downloading https://repo1.maven.org/maven2/ch/epfl/scala/case-app-util_2.12/1.2.0-faster-compile-time/
Downloaded https://repo1.maven.org/maven2/org/scala-sbt/librarymanagement-ivy_2.12/1.0.0/
Downloading https://repo1.maven.org/maven2/org/scala-sbt/test-interface/1.0/
Downloaded https://repo1.maven.org/maven2/net/jpountz/lz4/lz4/1.3.0/
Downloading https://repo1.maven.org/maven2/ch/epfl/scala/directory-watcher/0.8.0+6-f651bd93/
Downloaded https://repo1.maven.org/maven2/org/scala-sbt/test-agent/1.0.4/
Downloading https://repo1.maven.org/maven2/org/zeroturnaround/zt-zip/1.13/
Downloaded https://repo1.maven.org/maven2/ch/epfl/scala/case-app-util_2.12/1.2.0-faster-compile-time/
Downloading https://repo1.maven.org/maven2/org/ow2/asm/asm/6.0/
Downloaded https://repo1.maven.org/maven2/ch/epfl/scala/directory-watcher/0.8.0+6-f651bd93/
Downloading https://repo1.maven.org/maven2/ch/epfl/scala/bsp4s_2.12/2.0.0-M4/
Downloaded https://repo1.maven.org/maven2/org/scala-sbt/test-interface/1.0/
Downloaded https://repo1.maven.org/maven2/org/scalaz/scalaz-concurrent_2.12/7.2.20/
Downloading https://repo1.maven.org/maven2/io/get-coursier/coursier_2.12/1.1.0-M14-4/
Downloaded https://repo1.maven.org/maven2/ch/epfl/scala/zinc_2.12/1.3.0-M4+22-4704d479/
Downloaded https://repo1.maven.org/maven2/org/ow2/asm/asm/6.0/
Downloaded https://repo1.maven.org/maven2/org/zeroturnaround/zt-zip/1.13/
Downloaded https://repo1.maven.org/maven2/io/get-coursier/coursier_2.12/1.1.0-M14-4/
Downloaded https://repo1.maven.org/maven2/ch/epfl/scala/bsp4s_2.12/2.0.0-M4/
Downloading https://repo1.maven.org/maven2/io/zipkin/reporter2/zipkin-reporter-parent/2.7.15/zipkin-reporter-parent-2.7.15.pom.sha1
Downloading https://repo1.maven.org/maven2/io/zipkin/brave/brave-parent/5.6.1/brave-parent-5.6.1.pom.sha1
Downloading https://repo1.maven.org/maven2/io/zipkin/reporter2/zipkin-reporter-parent/2.7.15/zipkin-reporter-parent-2.7.15.pom
Downloading https://repo1.maven.org/maven2/io/zipkin/brave/brave-parent/5.6.1/brave-parent-5.6.1.pom
Downloading https://repo1.maven.org/maven2/org/ow2/asm/asm-parent/6.0/asm-parent-6.0.pom
Downloading https://repo1.maven.org/maven2/org/ow2/asm/asm-parent/6.0/asm-parent-6.0.pom.sha1
Downloaded https://repo1.maven.org/maven2/io/zipkin/brave/brave-parent/5.6.1/brave-parent-5.6.1.pom.sha1
Downloaded https://repo1.maven.org/maven2/org/ow2/asm/asm-parent/6.0/asm-parent-6.0.pom
Downloaded https://repo1.maven.org/maven2/io/zipkin/reporter2/zipkin-reporter-parent/2.7.15/zipkin-reporter-parent-2.7.15.pom.sha1
Downloaded https://repo1.maven.org/maven2/io/zipkin/reporter2/zipkin-reporter-parent/2.7.15/zipkin-reporter-parent-2.7.15.pom
Downloaded https://repo1.maven.org/maven2/io/zipkin/brave/brave-parent/5.6.1/brave-parent-5.6.1.pom
Downloading https://repo1.maven.org/maven2/io/zipkin/reporter2/zipkin-reporter-parent/2.7.15/
Downloading https://repo1.maven.org/maven2/io/zipkin/brave/brave-parent/5.6.1/
Downloaded https://repo1.maven.org/maven2/org/ow2/asm/asm-parent/6.0/asm-parent-6.0.pom.sha1
Downloading https://repo1.maven.org/maven2/org/ow2/asm/asm-parent/6.0/
Downloaded https://repo1.maven.org/maven2/io/zipkin/reporter2/zipkin-reporter-parent/2.7.15/
Downloaded https://repo1.maven.org/maven2/io/zipkin/brave/brave-parent/5.6.1/
Downloaded https://repo1.maven.org/maven2/org/ow2/asm/asm-parent/6.0/
Downloading https://repo1.maven.org/maven2/org/ow2/ow2/1.3/ow2-1.3.pom
Downloading https://repo1.maven.org/maven2/org/ow2/ow2/1.3/ow2-1.3.pom.sha1
Downloaded https://repo1.maven.org/maven2/org/ow2/ow2/1.3/ow2-1.3.pom
Downloaded https://repo1.maven.org/maven2/org/ow2/ow2/1.3/ow2-1.3.pom.sha1
Downloading https://repo1.maven.org/maven2/org/ow2/ow2/1.3/
Downloaded https://repo1.maven.org/maven2/org/ow2/ow2/1.3/
Downloading https://repo1.maven.org/maven2/net/java/dev/jna/jna/4.5.2/jna-4.5.2.pom.sha1
Downloading https://repo1.maven.org/maven2/net/java/dev/jna/jna/4.5.2/jna-4.5.2.pom
Downloading https://repo1.maven.org/maven2/ch/epfl/scala/zinc-compile-core_2.12/1.3.0-M4+22-4704d479/zinc-compile-core_2.12-1.3.0-M4+22-4704d479.pom.sha1
Downloading https://repo1.maven.org/maven2/ch/epfl/scala/zinc-compile-core_2.12/1.3.0-M4+22-4704d479/zinc-compile-core_2.12-1.3.0-M4+22-4704d479.pom
Downloading https://repo1.maven.org/maven2/com/github/alexarchambault/argonaut-shapeless_6.2_2.12/1.2.0-M11/argonaut-shapeless_6.2_2.12-1.2.0-M11.pom
Downloading https://repo1.maven.org/maven2/com/github/alexarchambault/argonaut-shapeless_6.2_2.12/1.2.0-M11/argonaut-shapeless_6.2_2.12-1.2.0-M11.pom.sha1
Downloaded https://repo1.maven.org/maven2/net/java/dev/jna/jna/4.5.2/jna-4.5.2.pom.sha1
Downloading https://repo1.maven.org/maven2/com/eed3si9n/sjson-new-core_2.12/0.8.0/sjson-new-core_2.12-0.8.0.pom
Downloaded https://repo1.maven.org/maven2/ch/epfl/scala/zinc-compile-core_2.12/1.3.0-M4+22-4704d479/zinc-compile-core_2.12-1.3.0-M4+22-4704d479.pom.sha1
Downloading https://repo1.maven.org/maven2/com/eed3si9n/sjson-new-core_2.12/0.8.0/sjson-new-core_2.12-0.8.0.pom.sha1
Downloaded https://repo1.maven.org/maven2/com/github/alexarchambault/argonaut-shapeless_6.2_2.12/1.2.0-M11/argonaut-shapeless_6.2_2.12-1.2.0-M11.pom.sha1
Downloading https://repo1.maven.org/maven2/org/ow2/asm/asm-tree/6.0/asm-tree-6.0.pom
Downloaded https://repo1.maven.org/maven2/net/java/dev/jna/jna/4.5.2/jna-4.5.2.pom
Downloading https://repo1.maven.org/maven2/org/ow2/asm/asm-tree/6.0/asm-tree-6.0.pom.sha1
Downloaded https://repo1.maven.org/maven2/com/github/alexarchambault/argonaut-shapeless_6.2_2.12/1.2.0-M11/argonaut-shapeless_6.2_2.12-1.2.0-M11.pom
Downloading https://repo1.maven.org/maven2/org/scala-sbt/ivy/ivy/2.3.0-sbt-a3314352b638afbf0dca19f127e8263ed6f898bd/ivy-2.3.0-sbt-a3314352b638afbf0dca19f127e8263ed6f898bd.pom
Downloaded https://repo1.maven.org/maven2/com/eed3si9n/sjson-new-core_2.12/0.8.0/sjson-new-core_2.12-0.8.0.pom.sha1
Downloaded https://repo1.maven.org/maven2/org/ow2/asm/asm-tree/6.0/asm-tree-6.0.pom
Downloading https://repo1.maven.org/maven2/ch/epfl/scala/zinc-persist_2.12/1.3.0-M4+22-4704d479/zinc-persist_2.12-1.3.0-M4+22-4704d479.pom
Downloading https://repo1.maven.org/maven2/org/scala-sbt/ivy/ivy/2.3.0-sbt-a3314352b638afbf0dca19f127e8263ed6f898bd/ivy-2.3.0-sbt-a3314352b638afbf0dca19f127e8263ed6f898bd.pom.sha1
Downloaded https://repo1.maven.org/maven2/org/scala-sbt/ivy/ivy/2.3.0-sbt-a3314352b638afbf0dca19f127e8263ed6f898bd/ivy-2.3.0-sbt-a3314352b638afbf0dca19f127e8263ed6f898bd.pom
Downloading https://repo1.maven.org/maven2/ch/epfl/scala/zinc-persist_2.12/1.3.0-M4+22-4704d479/zinc-persist_2.12-1.3.0-M4+22-4704d479.pom.sha1
Downloaded https://repo1.maven.org/maven2/ch/epfl/scala/zinc-compile-core_2.12/1.3.0-M4+22-4704d479/zinc-compile-core_2.12-1.3.0-M4+22-4704d479.pom
Downloading https://repo1.maven.org/maven2/io/get-coursier/coursier-core_2.12/1.1.0-M14-4/coursier-core_2.12-1.1.0-M14-4.pom
Downloaded https://repo1.maven.org/maven2/org/ow2/asm/asm-tree/6.0/asm-tree-6.0.pom.sha1
Downloading https://repo1.maven.org/maven2/io/get-coursier/coursier-core_2.12/1.1.0-M14-4/coursier-core_2.12-1.1.0-M14-4.pom.sha1
Downloaded https://repo1.maven.org/maven2/com/eed3si9n/sjson-new-core_2.12/0.8.0/sjson-new-core_2.12-0.8.0.pom
Downloading https://repo1.maven.org/maven2/com/chuusai/shapeless_2.12/2.3.2/shapeless_2.12-2.3.2.pom
Downloaded https://repo1.maven.org/maven2/ch/epfl/scala/zinc-persist_2.12/1.3.0-M4+22-4704d479/zinc-persist_2.12-1.3.0-M4+22-4704d479.pom.sha1
Downloading https://repo1.maven.org/maven2/com/chuusai/shapeless_2.12/2.3.2/shapeless_2.12-2.3.2.pom.sha1
Downloaded https://repo1.maven.org/maven2/io/get-coursier/coursier-core_2.12/1.1.0-M14-4/coursier-core_2.12-1.1.0-M14-4.pom
Downloading https://repo1.maven.org/maven2/org/scalaz/scalaz-effect_2.12/7.2.20/scalaz-effect_2.12-7.2.20.pom
Downloaded https://repo1.maven.org/maven2/org/scala-sbt/ivy/ivy/2.3.0-sbt-a3314352b638afbf0dca19f127e8263ed6f898bd/ivy-2.3.0-sbt-a3314352b638afbf0dca19f127e8263ed6f898bd.pom.sha1
Downloading https://repo1.maven.org/maven2/org/scalaz/scalaz-effect_2.12/7.2.20/scalaz-effect_2.12-7.2.20.pom.sha1
Downloaded https://repo1.maven.org/maven2/ch/epfl/scala/zinc-persist_2.12/1.3.0-M4+22-4704d479/zinc-persist_2.12-1.3.0-M4+22-4704d479.pom
Downloading https://repo1.maven.org/maven2/ch/epfl/scala/zinc-core_2.12/1.3.0-M4+22-4704d479/zinc-core_2.12-1.3.0-M4+22-4704d479.pom
Downloaded https://repo1.maven.org/maven2/com/chuusai/shapeless_2.12/2.3.2/shapeless_2.12-2.3.2.pom
Downloading https://repo1.maven.org/maven2/ch/epfl/scala/zinc-core_2.12/1.3.0-M4+22-4704d479/zinc-core_2.12-1.3.0-M4+22-4704d479.pom.sha1
Downloaded https://repo1.maven.org/maven2/io/get-coursier/coursier-core_2.12/1.1.0-M14-4/coursier-core_2.12-1.1.0-M14-4.pom.sha1
Downloading https://repo1.maven.org/maven2/io/circe/circe-core_2.12/0.9.3/circe-core_2.12-0.9.3.pom
Downloaded https://repo1.maven.org/maven2/org/scalaz/scalaz-effect_2.12/7.2.20/scalaz-effect_2.12-7.2.20.pom
Downloading https://repo1.maven.org/maven2/io/circe/circe-core_2.12/0.9.3/circe-core_2.12-0.9.3.pom.sha1
Downloaded https://repo1.maven.org/maven2/ch/epfl/scala/zinc-core_2.12/1.3.0-M4+22-4704d479/zinc-core_2.12-1.3.0-M4+22-4704d479.pom
Downloading https://repo1.maven.org/maven2/org/typelevel/macro-compat_2.12/1.1.1/macro-compat_2.12-1.1.1.pom
Downloaded https://repo1.maven.org/maven2/ch/epfl/scala/zinc-core_2.12/1.3.0-M4+22-4704d479/zinc-core_2.12-1.3.0-M4+22-4704d479.pom.sha1
Downloading https://repo1.maven.org/maven2/org/typelevel/macro-compat_2.12/1.1.1/macro-compat_2.12-1.1.1.pom.sha1
Downloaded https://repo1.maven.org/maven2/org/scalaz/scalaz-effect_2.12/7.2.20/scalaz-effect_2.12-7.2.20.pom.sha1
Downloading https://repo1.maven.org/maven2/org/reactivestreams/reactive-streams/1.0.0/reactive-streams-1.0.0.pom
Downloaded https://repo1.maven.org/maven2/io/circe/circe-core_2.12/0.9.3/circe-core_2.12-0.9.3.pom
Downloading https://repo1.maven.org/maven2/io/circe/circe-jawn_2.12/0.9.3/circe-jawn_2.12-0.9.3.pom
Downloaded https://repo1.maven.org/maven2/com/chuusai/shapeless_2.12/2.3.2/shapeless_2.12-2.3.2.pom.sha1
Downloading https://repo1.maven.org/maven2/io/circe/circe-jawn_2.12/0.9.3/circe-jawn_2.12-0.9.3.pom.sha1
Downloaded https://repo1.maven.org/maven2/org/typelevel/macro-compat_2.12/1.1.1/macro-compat_2.12-1.1.1.pom
Downloading https://repo1.maven.org/maven2/org/reactivestreams/reactive-streams/1.0.0/reactive-streams-1.0.0.pom.sha1
Downloaded https://repo1.maven.org/maven2/io/circe/circe-core_2.12/0.9.3/circe-core_2.12-0.9.3.pom.sha1
Downloading https://repo1.maven.org/maven2/ch/epfl/scala/zinc-classfile_2.12/1.3.0-M4+22-4704d479/zinc-classfile_2.12-1.3.0-M4+22-4704d479.pom
Downloaded https://repo1.maven.org/maven2/org/reactivestreams/reactive-streams/1.0.0/reactive-streams-1.0.0.pom
Downloading https://repo1.maven.org/maven2/io/zipkin/zipkin2/zipkin/2.12.1/zipkin-2.12.1.pom
Downloaded https://repo1.maven.org/maven2/org/typelevel/macro-compat_2.12/1.1.1/macro-compat_2.12-1.1.1.pom.sha1
Downloading https://repo1.maven.org/maven2/ch/epfl/scala/zinc-classfile_2.12/1.3.0-M4+22-4704d479/zinc-classfile_2.12-1.3.0-M4+22-4704d479.pom.sha1
Downloaded https://repo1.maven.org/maven2/io/circe/circe-jawn_2.12/0.9.3/circe-jawn_2.12-0.9.3.pom
Downloaded https://repo1.maven.org/maven2/io/circe/circe-jawn_2.12/0.9.3/circe-jawn_2.12-0.9.3.pom.sha1
Downloading https://repo1.maven.org/maven2/io/zipkin/zipkin2/zipkin/2.12.1/zipkin-2.12.1.pom.sha1
Downloading https://repo1.maven.org/maven2/org/jctools/jctools-core/2.0.1/jctools-core-2.0.1.pom
Downloaded https://repo1.maven.org/maven2/org/reactivestreams/reactive-streams/1.0.0/reactive-streams-1.0.0.pom.sha1
Downloading https://repo1.maven.org/maven2/org/jctools/jctools-core/2.0.1/jctools-core-2.0.1.pom.sha1
Downloaded https://repo1.maven.org/maven2/ch/epfl/scala/zinc-classfile_2.12/1.3.0-M4+22-4704d479/zinc-classfile_2.12-1.3.0-M4+22-4704d479.pom
Downloading https://repo1.maven.org/maven2/org/scalameta/lsp4s_2.12/0.2.0/lsp4s_2.12-0.2.0.pom
Downloaded https://repo1.maven.org/maven2/io/zipkin/zipkin2/zipkin/2.12.1/zipkin-2.12.1.pom
Downloading https://repo1.maven.org/maven2/org/scalameta/lsp4s_2.12/0.2.0/lsp4s_2.12-0.2.0.pom.sha1
Downloaded https://repo1.maven.org/maven2/ch/epfl/scala/zinc-classfile_2.12/1.3.0-M4+22-4704d479/zinc-classfile_2.12-1.3.0-M4+22-4704d479.pom.sha1
Downloading https://repo1.maven.org/maven2/org/scala-sbt/librarymanagement-core_2.12/1.0.0/librarymanagement-core_2.12-1.0.0.pom
Downloaded https://repo1.maven.org/maven2/io/zipkin/zipkin2/zipkin/2.12.1/zipkin-2.12.1.pom.sha1
Downloading https://repo1.maven.org/maven2/org/scala-sbt/librarymanagement-core_2.12/1.0.0/librarymanagement-core_2.12-1.0.0.pom.sha1
Downloaded https://repo1.maven.org/maven2/org/jctools/jctools-core/2.0.1/jctools-core-2.0.1.pom
Downloading https://repo1.maven.org/maven2/com/google/protobuf/protobuf-java/3.7.0/protobuf-java-3.7.0.pom
Downloaded https://repo1.maven.org/maven2/org/jctools/jctools-core/2.0.1/jctools-core-2.0.1.pom.sha1
Downloading https://repo1.maven.org/maven2/com/google/protobuf/protobuf-java/3.7.0/protobuf-java-3.7.0.pom.sha1
Downloaded https://repo1.maven.org/maven2/org/scalameta/lsp4s_2.12/0.2.0/lsp4s_2.12-0.2.0.pom
Downloading https://repo1.maven.org/maven2/io/zipkin/reporter2/zipkin-reporter/2.7.15/zipkin-reporter-2.7.15.pom
Downloaded https://repo1.maven.org/maven2/org/scalameta/lsp4s_2.12/0.2.0/lsp4s_2.12-0.2.0.pom.sha1
Downloading https://repo1.maven.org/maven2/io/zipkin/reporter2/zipkin-reporter/2.7.15/zipkin-reporter-2.7.15.pom.sha1
Downloaded https://repo1.maven.org/maven2/org/scala-sbt/librarymanagement-core_2.12/1.0.0/librarymanagement-core_2.12-1.0.0.pom
Downloaded https://repo1.maven.org/maven2/org/scala-sbt/librarymanagement-core_2.12/1.0.0/librarymanagement-core_2.12-1.0.0.pom.sha1
Downloading https://repo1.maven.org/maven2/org/slf4j/slf4j-api/1.7.26/slf4j-api-1.7.26.pom
Downloaded https://repo1.maven.org/maven2/com/google/protobuf/protobuf-java/3.7.0/protobuf-java-3.7.0.pom
Downloading https://repo1.maven.org/maven2/org/slf4j/slf4j-api/1.7.26/slf4j-api-1.7.26.pom.sha1
Downloading https://repo1.maven.org/maven2/io/circe/circe-derivation_2.12/0.9.0-M4/circe-derivation_2.12-0.9.0-M4.pom
Downloaded https://repo1.maven.org/maven2/com/google/protobuf/protobuf-java/3.7.0/protobuf-java-3.7.0.pom.sha1
Downloading https://repo1.maven.org/maven2/io/circe/circe-derivation_2.12/0.9.0-M4/circe-derivation_2.12-0.9.0-M4.pom.sha1
Downloaded https://repo1.maven.org/maven2/io/zipkin/reporter2/zipkin-reporter/2.7.15/zipkin-reporter-2.7.15.pom.sha1
Downloading https://repo1.maven.org/maven2/com/lihaoyi/fansi_2.12/0.2.5/fansi_2.12-0.2.5.pom
Downloaded https://repo1.maven.org/maven2/io/zipkin/reporter2/zipkin-reporter/2.7.15/zipkin-reporter-2.7.15.pom
Downloading https://repo1.maven.org/maven2/com/lihaoyi/fansi_2.12/0.2.5/fansi_2.12-0.2.5.pom.sha1
Downloaded https://repo1.maven.org/maven2/io/circe/circe-derivation_2.12/0.9.0-M4/circe-derivation_2.12-0.9.0-M4.pom
Downloading https://repo1.maven.org/maven2/com/github/alexarchambault/argonaut-shapeless_6.2_2.12/1.2.0-M11/
Downloaded https://repo1.maven.org/maven2/org/slf4j/slf4j-api/1.7.26/slf4j-api-1.7.26.pom.sha1
Downloading https://repo1.maven.org/maven2/net/java/dev/jna/jna/4.5.2/
Downloaded https://repo1.maven.org/maven2/io/circe/circe-derivation_2.12/0.9.0-M4/circe-derivation_2.12-0.9.0-M4.pom.sha1
Downloaded https://repo1.maven.org/maven2/org/slf4j/slf4j-api/1.7.26/slf4j-api-1.7.26.pom
Downloading https://repo1.maven.org/maven2/com/eed3si9n/sjson-new-core_2.12/0.8.0/
Downloading https://repo1.maven.org/maven2/org/ow2/asm/asm-tree/6.0/
Downloaded https://repo1.maven.org/maven2/com/lihaoyi/fansi_2.12/0.2.5/fansi_2.12-0.2.5.pom
Downloading https://repo1.maven.org/maven2/ch/epfl/scala/zinc-compile-core_2.12/1.3.0-M4+22-4704d479/
Downloaded https://repo1.maven.org/maven2/com/lihaoyi/fansi_2.12/0.2.5/fansi_2.12-0.2.5.pom.sha1
Downloading https://repo1.maven.org/maven2/org/scala-sbt/ivy/ivy/2.3.0-sbt-a3314352b638afbf0dca19f127e8263ed6f898bd/
Downloaded https://repo1.maven.org/maven2/com/eed3si9n/sjson-new-core_2.12/0.8.0/
Downloading https://repo1.maven.org/maven2/io/get-coursier/coursier-core_2.12/1.1.0-M14-4/
Downloaded https://repo1.maven.org/maven2/com/github/alexarchambault/argonaut-shapeless_6.2_2.12/1.2.0-M11/
Downloaded https://repo1.maven.org/maven2/net/java/dev/jna/jna/4.5.2/
Downloading https://repo1.maven.org/maven2/ch/epfl/scala/zinc-persist_2.12/1.3.0-M4+22-4704d479/
Downloading https://repo1.maven.org/maven2/com/chuusai/shapeless_2.12/2.3.2/
Downloaded https://repo1.maven.org/maven2/org/ow2/asm/asm-tree/6.0/
Downloading https://repo1.maven.org/maven2/org/scalaz/scalaz-effect_2.12/7.2.20/
Downloaded https://repo1.maven.org/maven2/org/scala-sbt/ivy/ivy/2.3.0-sbt-a3314352b638afbf0dca19f127e8263ed6f898bd/
Downloading https://repo1.maven.org/maven2/org/reactivestreams/reactive-streams/1.0.0/
Downloaded https://repo1.maven.org/maven2/io/get-coursier/coursier-core_2.12/1.1.0-M14-4/
Downloading https://repo1.maven.org/maven2/io/zipkin/zipkin2/zipkin/2.12.1/
Downloaded https://repo1.maven.org/maven2/ch/epfl/scala/zinc-persist_2.12/1.3.0-M4+22-4704d479/
Downloading https://repo1.maven.org/maven2/io/circe/circe-core_2.12/0.9.3/
Downloaded https://repo1.maven.org/maven2/com/chuusai/shapeless_2.12/2.3.2/
Downloading https://repo1.maven.org/maven2/io/circe/circe-jawn_2.12/0.9.3/
Downloaded https://repo1.maven.org/maven2/org/scalaz/scalaz-effect_2.12/7.2.20/
Downloading https://repo1.maven.org/maven2/org/jctools/jctools-core/2.0.1/
Downloaded https://repo1.maven.org/maven2/org/reactivestreams/reactive-streams/1.0.0/
Downloading https://repo1.maven.org/maven2/org/scalameta/lsp4s_2.12/0.2.0/
Downloaded https://repo1.maven.org/maven2/io/zipkin/zipkin2/zipkin/2.12.1/
Downloading https://repo1.maven.org/maven2/ch/epfl/scala/zinc-classfile_2.12/1.3.0-M4+22-4704d479/
Downloaded https://repo1.maven.org/maven2/io/circe/circe-core_2.12/0.9.3/
Downloading https://repo1.maven.org/maven2/ch/epfl/scala/zinc-core_2.12/1.3.0-M4+22-4704d479/
Downloaded https://repo1.maven.org/maven2/ch/epfl/scala/zinc-compile-core_2.12/1.3.0-M4+22-4704d479/
Downloading https://repo1.maven.org/maven2/org/scala-sbt/librarymanagement-core_2.12/1.0.0/
Downloaded https://repo1.maven.org/maven2/org/jctools/jctools-core/2.0.1/
Downloading https://repo1.maven.org/maven2/org/typelevel/macro-compat_2.12/1.1.1/
Downloaded https://repo1.maven.org/maven2/io/circe/circe-jawn_2.12/0.9.3/
Downloading https://repo1.maven.org/maven2/com/google/protobuf/protobuf-java/3.7.0/
Downloaded https://repo1.maven.org/maven2/org/scalameta/lsp4s_2.12/0.2.0/
Downloading https://repo1.maven.org/maven2/io/zipkin/reporter2/zipkin-reporter/2.7.15/
Downloaded https://repo1.maven.org/maven2/ch/epfl/scala/zinc-classfile_2.12/1.3.0-M4+22-4704d479/
Downloading https://repo1.maven.org/maven2/org/slf4j/slf4j-api/1.7.26/
Downloaded https://repo1.maven.org/maven2/com/google/protobuf/protobuf-java/3.7.0/
Downloading https://repo1.maven.org/maven2/io/circe/circe-derivation_2.12/0.9.0-M4/
Downloaded https://repo1.maven.org/maven2/org/typelevel/macro-compat_2.12/1.1.1/
Downloading https://repo1.maven.org/maven2/com/lihaoyi/fansi_2.12/0.2.5/
Downloaded https://repo1.maven.org/maven2/ch/epfl/scala/zinc-core_2.12/1.3.0-M4+22-4704d479/
Downloaded https://repo1.maven.org/maven2/org/scala-sbt/librarymanagement-core_2.12/1.0.0/
Downloaded https://repo1.maven.org/maven2/io/zipkin/reporter2/zipkin-reporter/2.7.15/
Downloaded https://repo1.maven.org/maven2/io/circe/circe-derivation_2.12/0.9.0-M4/
Downloaded https://repo1.maven.org/maven2/com/lihaoyi/fansi_2.12/0.2.5/
Downloaded https://repo1.maven.org/maven2/org/slf4j/slf4j-api/1.7.26/
Downloading https://repo1.maven.org/maven2/io/zipkin/zipkin2/parent/2.12.1/parent-2.12.1.pom
Downloading https://repo1.maven.org/maven2/io/zipkin/zipkin2/parent/2.12.1/parent-2.12.1.pom.sha1
Downloading https://repo1.maven.org/maven2/com/google/protobuf/protobuf-parent/3.7.0/protobuf-parent-3.7.0.pom
Downloading https://repo1.maven.org/maven2/com/google/protobuf/protobuf-parent/3.7.0/protobuf-parent-3.7.0.pom.sha1
Downloading https://repo1.maven.org/maven2/org/slf4j/slf4j-parent/1.7.26/slf4j-parent-1.7.26.pom
Downloading https://repo1.maven.org/maven2/org/slf4j/slf4j-parent/1.7.26/slf4j-parent-1.7.26.pom.sha1
Downloaded https://repo1.maven.org/maven2/com/google/protobuf/protobuf-parent/3.7.0/protobuf-parent-3.7.0.pom.sha1
Downloaded https://repo1.maven.org/maven2/org/slf4j/slf4j-parent/1.7.26/slf4j-parent-1.7.26.pom.sha1
Downloaded https://repo1.maven.org/maven2/org/slf4j/slf4j-parent/1.7.26/slf4j-parent-1.7.26.pom
Downloaded https://repo1.maven.org/maven2/com/google/protobuf/protobuf-parent/3.7.0/protobuf-parent-3.7.0.pom
Downloading https://repo1.maven.org/maven2/org/slf4j/slf4j-parent/1.7.26/
Downloading https://repo1.maven.org/maven2/com/google/protobuf/protobuf-parent/3.7.0/
Downloaded https://repo1.maven.org/maven2/io/zipkin/zipkin2/parent/2.12.1/parent-2.12.1.pom
Downloaded https://repo1.maven.org/maven2/org/slf4j/slf4j-parent/1.7.26/
Downloaded https://repo1.maven.org/maven2/io/zipkin/zipkin2/parent/2.12.1/parent-2.12.1.pom.sha1
Downloading https://repo1.maven.org/maven2/io/zipkin/zipkin2/parent/2.12.1/
Downloaded https://repo1.maven.org/maven2/io/zipkin/zipkin2/parent/2.12.1/
Downloaded https://repo1.maven.org/maven2/com/google/protobuf/protobuf-parent/3.7.0/
Downloading https://repo1.maven.org/maven2/com/google/protobuf/protobuf-bom/3.7.0/protobuf-bom-3.7.0.pom
Downloading https://repo1.maven.org/maven2/com/google/protobuf/protobuf-bom/3.7.0/protobuf-bom-3.7.0.pom.sha1
Downloaded https://repo1.maven.org/maven2/com/google/protobuf/protobuf-bom/3.7.0/protobuf-bom-3.7.0.pom.sha1
Downloaded https://repo1.maven.org/maven2/com/google/protobuf/protobuf-bom/3.7.0/protobuf-bom-3.7.0.pom
Downloading https://repo1.maven.org/maven2/com/google/protobuf/protobuf-bom/3.7.0/
Downloaded https://repo1.maven.org/maven2/com/google/protobuf/protobuf-bom/3.7.0/
Downloading https://repo1.maven.org/maven2/ch/epfl/scala/zinc-apiinfo_2.12/1.3.0-M4+22-4704d479/zinc-apiinfo_2.12-1.3.0-M4+22-4704d479.pom.sha1
Downloading https://repo1.maven.org/maven2/org/scala-sbt/launcher-interface/1.0.0/launcher-interface-1.0.0.pom
Downloading https://repo1.maven.org/maven2/org/scala-sbt/launcher-interface/1.0.0/launcher-interface-1.0.0.pom.sha1
Downloading https://repo1.maven.org/maven2/com/beachape/enumeratum-circe_2.12/1.5.17/enumeratum-circe_2.12-1.5.17.pom
Downloading https://repo1.maven.org/maven2/com/beachape/enumeratum-circe_2.12/1.5.17/enumeratum-circe_2.12-1.5.17.pom.sha1
Downloading https://repo1.maven.org/maven2/ch/epfl/scala/zinc-apiinfo_2.12/1.3.0-M4+22-4704d479/zinc-apiinfo_2.12-1.3.0-M4+22-4704d479.pom
Downloaded https://repo1.maven.org/maven2/ch/epfl/scala/zinc-apiinfo_2.12/1.3.0-M4+22-4704d479/zinc-apiinfo_2.12-1.3.0-M4+22-4704d479.pom.sha1
Downloaded https://repo1.maven.org/maven2/com/beachape/enumeratum-circe_2.12/1.5.17/enumeratum-circe_2.12-1.5.17.pom.sha1
Downloaded https://repo1.maven.org/maven2/com/beachape/enumeratum-circe_2.12/1.5.17/enumeratum-circe_2.12-1.5.17.pom
Downloading https://repo1.maven.org/maven2/org/scalameta/jsonrpc_2.12/0.2.0/jsonrpc_2.12-0.2.0.pom
Downloading https://repo1.maven.org/maven2/ch/epfl/scala/zinc-classpath_2.12/1.3.0-M4+22-4704d479/zinc-classpath_2.12-1.3.0-M4+22-4704d479.pom.sha1
Downloading https://repo1.maven.org/maven2/org/scalameta/jsonrpc_2.12/0.2.0/jsonrpc_2.12-0.2.0.pom.sha1
Downloaded https://repo1.maven.org/maven2/ch/epfl/scala/zinc-apiinfo_2.12/1.3.0-M4+22-4704d479/zinc-apiinfo_2.12-1.3.0-M4+22-4704d479.pom
Downloading https://repo1.maven.org/maven2/ch/epfl/scala/zinc-classpath_2.12/1.3.0-M4+22-4704d479/zinc-classpath_2.12-1.3.0-M4+22-4704d479.pom
Downloaded https://repo1.maven.org/maven2/org/scala-sbt/launcher-interface/1.0.0/launcher-interface-1.0.0.pom.sha1
Downloading https://repo1.maven.org/maven2/org/typelevel/cats-core_2.12/1.0.1/cats-core_2.12-1.0.1.pom
Downloaded https://repo1.maven.org/maven2/org/scalameta/jsonrpc_2.12/0.2.0/jsonrpc_2.12-0.2.0.pom
Downloading https://repo1.maven.org/maven2/io/argonaut/argonaut_2.12/6.2.3/argonaut_2.12-6.2.3.pom
Downloaded https://repo1.maven.org/maven2/ch/epfl/scala/zinc-classpath_2.12/1.3.0-M4+22-4704d479/zinc-classpath_2.12-1.3.0-M4+22-4704d479.pom
Downloading https://repo1.maven.org/maven2/io/argonaut/argonaut_2.12/6.2.3/argonaut_2.12-6.2.3.pom.sha1
Downloaded https://repo1.maven.org/maven2/ch/epfl/scala/zinc-classpath_2.12/1.3.0-M4+22-4704d479/zinc-classpath_2.12-1.3.0-M4+22-4704d479.pom.sha1
Downloading https://repo1.maven.org/maven2/org/typelevel/cats-core_2.12/1.0.1/cats-core_2.12-1.0.1.pom.sha1
Downloaded https://repo1.maven.org/maven2/org/scalameta/jsonrpc_2.12/0.2.0/jsonrpc_2.12-0.2.0.pom.sha1
Downloaded https://repo1.maven.org/maven2/org/typelevel/cats-core_2.12/1.0.1/cats-core_2.12-1.0.1.pom
Downloading https://repo1.maven.org/maven2/io/circe/circe-numbers_2.12/0.9.3/circe-numbers_2.12-0.9.3.pom.sha1
Downloading https://repo1.maven.org/maven2/org/scala-sbt/util-relation_2.12/1.2.1/util-relation_2.12-1.2.1.pom
Downloaded https://repo1.maven.org/maven2/org/scala-sbt/launcher-interface/1.0.0/launcher-interface-1.0.0.pom
Downloading https://repo1.maven.org/maven2/com/jcraft/jsch/0.1.46/jsch-0.1.46.pom
Downloaded https://repo1.maven.org/maven2/io/argonaut/argonaut_2.12/6.2.3/argonaut_2.12-6.2.3.pom.sha1
Downloading https://repo1.maven.org/maven2/com/chuusai/shapeless_2.12/2.3.3/shapeless_2.12-2.3.3.pom
Downloaded https://repo1.maven.org/maven2/io/argonaut/argonaut_2.12/6.2.3/argonaut_2.12-6.2.3.pom
Downloading https://repo1.maven.org/maven2/com/chuusai/shapeless_2.12/2.3.3/shapeless_2.12-2.3.3.pom.sha1
Downloaded https://repo1.maven.org/maven2/org/typelevel/cats-core_2.12/1.0.1/cats-core_2.12-1.0.1.pom.sha1
Downloading https://repo1.maven.org/maven2/org/scala-sbt/util-control_2.12/1.2.1/util-control_2.12-1.2.1.pom
Downloaded https://repo1.maven.org/maven2/org/scala-sbt/util-relation_2.12/1.2.1/util-relation_2.12-1.2.1.pom
Downloaded https://repo1.maven.org/maven2/io/circe/circe-numbers_2.12/0.9.3/circe-numbers_2.12-0.9.3.pom.sha1
Downloading https://repo1.maven.org/maven2/org/scala-sbt/util-control_2.12/1.2.1/util-control_2.12-1.2.1.pom.sha1
Downloading https://repo1.maven.org/maven2/org/scala-lang/modules/scala-parser-combinators_2.12/1.0.5/scala-parser-combinators_2.12-1.0.5.pom
Downloaded https://repo1.maven.org/maven2/com/jcraft/jsch/0.1.46/jsch-0.1.46.pom
Downloading https://repo1.maven.org/maven2/org/scala-lang/modules/scala-parser-combinators_2.12/1.0.5/scala-parser-combinators_2.12-1.0.5.pom.sha1
Downloaded https://repo1.maven.org/maven2/com/chuusai/shapeless_2.12/2.3.3/shapeless_2.12-2.3.3.pom.sha1
Downloading https://repo1.maven.org/maven2/org/scala-sbt/sbinary_2.12/0.4.4/sbinary_2.12-0.4.4.pom
Downloaded https://repo1.maven.org/maven2/org/scala-sbt/util-control_2.12/1.2.1/util-control_2.12-1.2.1.pom
Downloading https://repo1.maven.org/maven2/io/circe/circe-numbers_2.12/0.9.3/circe-numbers_2.12-0.9.3.pom
Downloaded https://repo1.maven.org/maven2/com/chuusai/shapeless_2.12/2.3.3/shapeless_2.12-2.3.3.pom
Downloading https://repo1.maven.org/maven2/org/scala-lang/modules/scala-xml_2.12/1.2.0/scala-xml_2.12-1.2.0.pom
Downloaded https://repo1.maven.org/maven2/org/scala-lang/modules/scala-parser-combinators_2.12/1.0.5/scala-parser-combinators_2.12-1.0.5.pom
Downloading https://repo1.maven.org/maven2/org/scala-lang/modules/scala-xml_2.12/1.2.0/scala-xml_2.12-1.2.0.pom.sha1
Downloaded https://repo1.maven.org/maven2/org/scala-lang/modules/scala-parser-combinators_2.12/1.0.5/scala-parser-combinators_2.12-1.0.5.pom.sha1
Downloading https://repo1.maven.org/maven2/com/beachape/enumeratum_2.12/1.5.13/enumeratum_2.12-1.5.13.pom.sha1
Downloaded https://repo1.maven.org/maven2/org/scala-sbt/util-control_2.12/1.2.1/util-control_2.12-1.2.1.pom.sha1
Downloading https://repo1.maven.org/maven2/ch/epfl/scala/compiler-interface/1.3.0-M4+22-4704d479/compiler-interface-1.3.0-M4+22-4704d479.pom
Downloaded https://repo1.maven.org/maven2/org/scala-lang/modules/scala-xml_2.12/1.2.0/scala-xml_2.12-1.2.0.pom
Downloading https://repo1.maven.org/maven2/org/scala-sbt/io_2.12/1.2.0/io_2.12-1.2.0.pom
Downloaded https://repo1.maven.org/maven2/org/scala-sbt/sbinary_2.12/0.4.4/sbinary_2.12-0.4.4.pom
Downloading https://repo1.maven.org/maven2/com/eed3si9n/gigahorse-okhttp_2.12/0.3.0/gigahorse-okhttp_2.12-0.3.0.pom
Downloaded https://repo1.maven.org/maven2/io/circe/circe-numbers_2.12/0.9.3/circe-numbers_2.12-0.9.3.pom
Downloading https://repo1.maven.org/maven2/com/eed3si9n/gigahorse-okhttp_2.12/0.3.0/gigahorse-okhttp_2.12-0.3.0.pom.sha1
Downloaded https://repo1.maven.org/maven2/org/scala-lang/modules/scala-xml_2.12/1.2.0/scala-xml_2.12-1.2.0.pom.sha1
Downloading https://repo1.maven.org/maven2/org/scala-sbt/sbinary_2.12/0.4.4/sbinary_2.12-0.4.4.pom.sha1
Downloaded https://repo1.maven.org/maven2/com/beachape/enumeratum_2.12/1.5.13/enumeratum_2.12-1.5.13.pom.sha1
Downloading https://repo1.maven.org/maven2/org/scala-sbt/util-logging_2.12/1.2.1/util-logging_2.12-1.2.1.pom
Downloaded https://repo1.maven.org/maven2/ch/epfl/scala/compiler-interface/1.3.0-M4+22-4704d479/compiler-interface-1.3.0-M4+22-4704d479.pom
Downloading https://repo1.maven.org/maven2/org/scala-sbt/util-cache_2.12/1.0.0/util-cache_2.12-1.0.0.pom
Downloaded https://repo1.maven.org/maven2/com/eed3si9n/gigahorse-okhttp_2.12/0.3.0/gigahorse-okhttp_2.12-0.3.0.pom
Downloading https://repo1.maven.org/maven2/org/scala-sbt/util-logging_2.12/1.2.1/util-logging_2.12-1.2.1.pom.sha1
Downloaded https://repo1.maven.org/maven2/org/scala-sbt/io_2.12/1.2.0/io_2.12-1.2.0.pom
Downloading https://repo1.maven.org/maven2/org/scala-sbt/util-cache_2.12/1.0.0/util-cache_2.12-1.0.0.pom.sha1
Downloaded https://repo1.maven.org/maven2/com/eed3si9n/gigahorse-okhttp_2.12/0.3.0/gigahorse-okhttp_2.12-0.3.0.pom.sha1
Downloading https://repo1.maven.org/maven2/org/scala-sbt/util-relation_2.12/1.2.1/util-relation_2.12-1.2.1.pom.sha1
Downloaded https://repo1.maven.org/maven2/org/scala-sbt/sbinary_2.12/0.4.4/sbinary_2.12-0.4.4.pom.sha1
Downloading https://repo1.maven.org/maven2/com/beachape/enumeratum_2.12/1.5.13/enumeratum_2.12-1.5.13.pom
Downloaded https://repo1.maven.org/maven2/org/scala-sbt/util-cache_2.12/1.0.0/util-cache_2.12-1.0.0.pom
Downloading https://repo1.maven.org/maven2/com/squareup/okhttp3/okhttp-urlconnection/3.7.0/okhttp-urlconnection-3.7.0.pom
Downloaded https://repo1.maven.org/maven2/org/scala-sbt/util-logging_2.12/1.2.1/util-logging_2.12-1.2.1.pom
Downloading https://repo1.maven.org/maven2/com/jcraft/jsch/0.1.46/jsch-0.1.46.pom.sha1
Downloaded https://repo1.maven.org/maven2/org/scala-sbt/util-logging_2.12/1.2.1/util-logging_2.12-1.2.1.pom.sha1
Downloading https://repo1.maven.org/maven2/com/squareup/okhttp3/okhttp-urlconnection/3.7.0/okhttp-urlconnection-3.7.0.pom.sha1
Downloaded https://repo1.maven.org/maven2/org/scala-sbt/util-cache_2.12/1.0.0/util-cache_2.12-1.0.0.pom.sha1
Downloading https://repo1.maven.org/maven2/org/spire-math/jawn-parser_2.12/0.11.1/jawn-parser_2.12-0.11.1.pom
Downloaded https://repo1.maven.org/maven2/org/scala-sbt/util-relation_2.12/1.2.1/util-relation_2.12-1.2.1.pom.sha1
Downloading https://repo1.maven.org/maven2/org/spire-math/jawn-parser_2.12/0.11.1/jawn-parser_2.12-0.11.1.pom.sha1
Downloaded https://repo1.maven.org/maven2/com/beachape/enumeratum_2.12/1.5.13/enumeratum_2.12-1.5.13.pom
Downloading https://repo1.maven.org/maven2/org/scala-sbt/util-position_2.12/1.0.0/util-position_2.12-1.0.0.pom
Downloaded https://repo1.maven.org/maven2/com/squareup/okhttp3/okhttp-urlconnection/3.7.0/okhttp-urlconnection-3.7.0.pom
Downloading https://repo1.maven.org/maven2/org/scala-sbt/util-position_2.12/1.0.0/util-position_2.12-1.0.0.pom.sha1
Downloaded https://repo1.maven.org/maven2/com/jcraft/jsch/0.1.46/jsch-0.1.46.pom.sha1
Downloading https://repo1.maven.org/maven2/com/thesamet/scalapb/scalapb-runtime_2.12/0.8.0-RC1/scalapb-runtime_2.12-0.8.0-RC1.pom.sha1
Downloaded https://repo1.maven.org/maven2/com/squareup/okhttp3/okhttp-urlconnection/3.7.0/okhttp-urlconnection-3.7.0.pom.sha1
Downloading https://repo1.maven.org/maven2/com/thesamet/scalapb/scalapb-runtime_2.12/0.8.0-RC1/scalapb-runtime_2.12-0.8.0-RC1.pom
Downloaded https://repo1.maven.org/maven2/org/spire-math/jawn-parser_2.12/0.11.1/jawn-parser_2.12-0.11.1.pom
Downloading https://repo1.maven.org/maven2/ch/epfl/scala/compiler-interface/1.3.0-M4+22-4704d479/compiler-interface-1.3.0-M4+22-4704d479.pom.sha1
Downloaded https://repo1.maven.org/maven2/org/spire-math/jawn-parser_2.12/0.11.1/jawn-parser_2.12-0.11.1.pom.sha1
Downloading https://repo1.maven.org/maven2/org/scala-sbt/io_2.12/1.2.0/io_2.12-1.2.0.pom.sha1
Downloaded https://repo1.maven.org/maven2/org/scala-sbt/util-position_2.12/1.0.0/util-position_2.12-1.0.0.pom
Downloading https://repo1.maven.org/maven2/com/beachape/enumeratum-circe_2.12/1.5.17/
Downloaded https://repo1.maven.org/maven2/org/scala-sbt/util-position_2.12/1.0.0/util-position_2.12-1.0.0.pom.sha1
Downloaded https://repo1.maven.org/maven2/com/thesamet/scalapb/scalapb-runtime_2.12/0.8.0-RC1/scalapb-runtime_2.12-0.8.0-RC1.pom.sha1
Downloading https://repo1.maven.org/maven2/org/scala-lang/scala-reflect/2.12.9/
Downloading https://repo1.maven.org/maven2/ch/epfl/scala/zinc-apiinfo_2.12/1.3.0-M4+22-4704d479/
Downloaded https://repo1.maven.org/maven2/com/thesamet/scalapb/scalapb-runtime_2.12/0.8.0-RC1/scalapb-runtime_2.12-0.8.0-RC1.pom
Downloading https://repo1.maven.org/maven2/ch/epfl/scala/zinc-classpath_2.12/1.3.0-M4+22-4704d479/
Downloaded https://repo1.maven.org/maven2/ch/epfl/scala/compiler-interface/1.3.0-M4+22-4704d479/compiler-interface-1.3.0-M4+22-4704d479.pom.sha1
Downloading https://repo1.maven.org/maven2/org/scalameta/jsonrpc_2.12/0.2.0/
Downloaded https://repo1.maven.org/maven2/org/scala-sbt/io_2.12/1.2.0/io_2.12-1.2.0.pom.sha1
Downloading https://repo1.maven.org/maven2/org/scala-lang/scala-compiler/2.12.9/
Downloaded https://repo1.maven.org/maven2/com/beachape/enumeratum-circe_2.12/1.5.17/
Downloaded https://repo1.maven.org/maven2/org/scala-lang/scala-reflect/2.12.9/
Downloading https://repo1.maven.org/maven2/org/typelevel/cats-core_2.12/1.0.1/
Downloading https://repo1.maven.org/maven2/org/scala-sbt/launcher-interface/1.0.0/
Downloaded https://repo1.maven.org/maven2/ch/epfl/scala/zinc-apiinfo_2.12/1.3.0-M4+22-4704d479/
Downloading https://repo1.maven.org/maven2/io/argonaut/argonaut_2.12/6.2.3/
Downloaded https://repo1.maven.org/maven2/ch/epfl/scala/zinc-classpath_2.12/1.3.0-M4+22-4704d479/
Downloading https://repo1.maven.org/maven2/org/scala-lang/modules/scala-xml_2.12/1.2.0/
Downloaded https://repo1.maven.org/maven2/org/scala-lang/scala-compiler/2.12.9/
Downloading https://repo1.maven.org/maven2/org/scala-lang/modules/scala-parser-combinators_2.12/1.0.5/
Downloaded https://repo1.maven.org/maven2/org/scalameta/jsonrpc_2.12/0.2.0/
Downloading https://repo1.maven.org/maven2/com/chuusai/shapeless_2.12/2.3.3/
Downloaded https://repo1.maven.org/maven2/org/scala-sbt/launcher-interface/1.0.0/
Downloaded https://repo1.maven.org/maven2/io/argonaut/argonaut_2.12/6.2.3/
Downloading https://repo1.maven.org/maven2/org/scala-sbt/util-control_2.12/1.2.1/
Downloading https://repo1.maven.org/maven2/io/circe/circe-numbers_2.12/0.9.3/
Downloaded https://repo1.maven.org/maven2/org/scala-lang/modules/scala-xml_2.12/1.2.0/
Downloading https://repo1.maven.org/maven2/org/scala-sbt/sbinary_2.12/0.4.4/
Downloaded https://repo1.maven.org/maven2/com/chuusai/shapeless_2.12/2.3.3/
Downloading https://repo1.maven.org/maven2/com/beachape/enumeratum_2.12/1.5.13/
Downloaded https://repo1.maven.org/maven2/org/scala-sbt/util-control_2.12/1.2.1/
Downloading https://repo1.maven.org/maven2/org/scala-sbt/util-logging_2.12/1.2.1/
Downloaded https://repo1.maven.org/maven2/io/circe/circe-numbers_2.12/0.9.3/
Downloading https://repo1.maven.org/maven2/org/scala-sbt/util-cache_2.12/1.0.0/
Downloaded https://repo1.maven.org/maven2/org/scala-sbt/sbinary_2.12/0.4.4/
Downloading https://repo1.maven.org/maven2/com/eed3si9n/gigahorse-okhttp_2.12/0.3.0/
Downloaded https://repo1.maven.org/maven2/com/beachape/enumeratum_2.12/1.5.13/
Downloading https://repo1.maven.org/maven2/org/spire-math/jawn-parser_2.12/0.11.1/
Downloaded https://repo1.maven.org/maven2/org/typelevel/cats-core_2.12/1.0.1/
Downloading https://repo1.maven.org/maven2/com/jcraft/jsch/0.1.46/
Downloaded https://repo1.maven.org/maven2/org/scala-lang/modules/scala-parser-combinators_2.12/1.0.5/
Downloaded https://repo1.maven.org/maven2/com/eed3si9n/gigahorse-okhttp_2.12/0.3.0/
Downloading https://repo1.maven.org/maven2/com/squareup/okhttp3/okhttp-urlconnection/3.7.0/
Downloading https://repo1.maven.org/maven2/org/scala-sbt/util-relation_2.12/1.2.1/
Downloaded https://repo1.maven.org/maven2/org/scala-sbt/util-logging_2.12/1.2.1/
Downloading https://repo1.maven.org/maven2/org/scala-sbt/util-position_2.12/1.0.0/
Downloaded https://repo1.maven.org/maven2/org/spire-math/jawn-parser_2.12/0.11.1/
Downloading https://repo1.maven.org/maven2/com/thesamet/scalapb/scalapb-runtime_2.12/0.8.0-RC1/
Downloaded https://repo1.maven.org/maven2/com/squareup/okhttp3/okhttp-urlconnection/3.7.0/
Downloading https://repo1.maven.org/maven2/org/scala-sbt/io_2.12/1.2.0/
Downloaded https://repo1.maven.org/maven2/com/jcraft/jsch/0.1.46/
Downloading https://repo1.maven.org/maven2/ch/epfl/scala/compiler-interface/1.3.0-M4+22-4704d479/
Downloaded https://repo1.maven.org/maven2/org/scala-sbt/util-cache_2.12/1.0.0/
Downloaded https://repo1.maven.org/maven2/org/scala-sbt/util-position_2.12/1.0.0/
Downloaded https://repo1.maven.org/maven2/com/thesamet/scalapb/scalapb-runtime_2.12/0.8.0-RC1/
Downloaded https://repo1.maven.org/maven2/ch/epfl/scala/compiler-interface/1.3.0-M4+22-4704d479/
Downloaded https://repo1.maven.org/maven2/org/scala-sbt/util-relation_2.12/1.2.1/
Downloaded https://repo1.maven.org/maven2/org/scala-sbt/io_2.12/1.2.0/
Downloading https://repo1.maven.org/maven2/com/squareup/okhttp3/parent/3.7.0/parent-3.7.0.pom.sha1
Downloading https://repo1.maven.org/maven2/com/squareup/okhttp3/parent/3.7.0/parent-3.7.0.pom
Downloading https://repo1.maven.org/maven2/org/sonatype/oss/oss-parent/6/oss-parent-6.pom.sha1
Downloading https://repo1.maven.org/maven2/org/sonatype/oss/oss-parent/6/oss-parent-6.pom
Downloaded https://repo1.maven.org/maven2/com/squareup/okhttp3/parent/3.7.0/parent-3.7.0.pom.sha1
Downloaded https://repo1.maven.org/maven2/org/sonatype/oss/oss-parent/6/oss-parent-6.pom
Downloaded https://repo1.maven.org/maven2/com/squareup/okhttp3/parent/3.7.0/parent-3.7.0.pom
Downloading https://repo1.maven.org/maven2/com/squareup/okhttp3/parent/3.7.0/
Downloaded https://repo1.maven.org/maven2/com/squareup/okhttp3/parent/3.7.0/
Downloaded https://repo1.maven.org/maven2/org/sonatype/oss/oss-parent/6/oss-parent-6.pom.sha1
Downloading https://repo1.maven.org/maven2/org/sonatype/oss/oss-parent/6/
Downloaded https://repo1.maven.org/maven2/org/sonatype/oss/oss-parent/6/
Downloading https://repo1.maven.org/maven2/com/swoval/apple-file-events/1.3.2/apple-file-events-1.3.2.pom.sha1
Downloading https://repo1.maven.org/maven2/com/swoval/apple-file-events/1.3.2/apple-file-events-1.3.2.pom
Downloading https://repo1.maven.org/maven2/org/scala-sbt/util-interface/1.2.1/util-interface-1.2.1.pom.sha1
Downloading https://repo1.maven.org/maven2/org/scala-sbt/util-interface/1.2.1/util-interface-1.2.1.pom
Downloading https://repo1.maven.org/maven2/com/beachape/enumeratum-macros_2.12/1.5.9/enumeratum-macros_2.12-1.5.9.pom
Downloading https://repo1.maven.org/maven2/com/beachape/enumeratum-macros_2.12/1.5.9/enumeratum-macros_2.12-1.5.9.pom.sha1
Downloaded https://repo1.maven.org/maven2/com/swoval/apple-file-events/1.3.2/apple-file-events-1.3.2.pom.sha1
Downloading https://repo1.maven.org/maven2/com/squareup/okhttp3/okhttp/3.7.0/okhttp-3.7.0.pom
Downloaded https://repo1.maven.org/maven2/com/beachape/enumeratum-macros_2.12/1.5.9/enumeratum-macros_2.12-1.5.9.pom
Downloading https://repo1.maven.org/maven2/com/squareup/okhttp3/okhttp/3.7.0/okhttp-3.7.0.pom.sha1
Downloaded https://repo1.maven.org/maven2/org/scala-sbt/util-interface/1.2.1/util-interface-1.2.1.pom
Downloading https://repo1.maven.org/maven2/org/typelevel/cats-kernel_2.12/1.0.1/cats-kernel_2.12-1.0.1.pom
Downloaded https://repo1.maven.org/maven2/org/scala-sbt/util-interface/1.2.1/util-interface-1.2.1.pom.sha1
Downloading https://repo1.maven.org/maven2/org/typelevel/cats-kernel_2.12/1.0.1/cats-kernel_2.12-1.0.1.pom.sha1
Downloaded https://repo1.maven.org/maven2/com/swoval/apple-file-events/1.3.2/apple-file-events-1.3.2.pom
Downloading https://repo1.maven.org/maven2/jline/jline/2.14.4/jline-2.14.4.pom
Downloaded https://repo1.maven.org/maven2/com/squareup/okhttp3/okhttp/3.7.0/okhttp-3.7.0.pom
Downloading https://repo1.maven.org/maven2/jline/jline/2.14.4/jline-2.14.4.pom.sha1
Downloaded https://repo1.maven.org/maven2/org/typelevel/cats-kernel_2.12/1.0.1/cats-kernel_2.12-1.0.1.pom
Downloaded https://repo1.maven.org/maven2/com/squareup/okhttp3/okhttp/3.7.0/okhttp-3.7.0.pom.sha1
Downloaded https://repo1.maven.org/maven2/org/typelevel/cats-kernel_2.12/1.0.1/cats-kernel_2.12-1.0.1.pom.sha1
Downloading https://repo1.maven.org/maven2/com/eed3si9n/sjson-new-core_2.12/0.8.2/sjson-new-core_2.12-0.8.2.pom.sha1
Downloading https://repo1.maven.org/maven2/com/eed3si9n/sjson-new-core_2.12/0.8.2/sjson-new-core_2.12-0.8.2.pom
Downloading https://repo1.maven.org/maven2/com/lmax/disruptor/3.3.6/disruptor-3.3.6.pom.sha1
Downloaded https://repo1.maven.org/maven2/com/beachape/enumeratum-macros_2.12/1.5.9/enumeratum-macros_2.12-1.5.9.pom.sha1
Downloading https://repo1.maven.org/maven2/org/apache/logging/log4j/log4j-core/2.8.1/log4j-core-2.8.1.pom
Downloaded https://repo1.maven.org/maven2/jline/jline/2.14.4/jline-2.14.4.pom.sha1
Downloading https://repo1.maven.org/maven2/com/eed3si9n/sjson-new-scalajson_2.12/0.8.2/sjson-new-scalajson_2.12-0.8.2.pom.sha1
Downloaded https://repo1.maven.org/maven2/jline/jline/2.14.4/jline-2.14.4.pom
Downloading https://repo1.maven.org/maven2/org/apache/logging/log4j/log4j-core/2.8.1/log4j-core-2.8.1.pom.sha1
Downloaded https://repo1.maven.org/maven2/com/eed3si9n/sjson-new-core_2.12/0.8.2/sjson-new-core_2.12-0.8.2.pom.sha1
Downloading https://repo1.maven.org/maven2/com/thesamet/scalapb/lenses_2.12/0.8.0-RC1/lenses_2.12-0.8.0-RC1.pom
Downloaded https://repo1.maven.org/maven2/com/lmax/disruptor/3.3.6/disruptor-3.3.6.pom.sha1
Downloading https://repo1.maven.org/maven2/com/eed3si9n/sjson-new-scalajson_2.12/0.8.2/sjson-new-scalajson_2.12-0.8.2.pom
Downloaded https://repo1.maven.org/maven2/com/eed3si9n/sjson-new-core_2.12/0.8.2/sjson-new-core_2.12-0.8.2.pom
Downloading https://repo1.maven.org/maven2/com/thesamet/scalapb/lenses_2.12/0.8.0-RC1/lenses_2.12-0.8.0-RC1.pom.sha1
Downloaded https://repo1.maven.org/maven2/com/eed3si9n/sjson-new-scalajson_2.12/0.8.2/sjson-new-scalajson_2.12-0.8.2.pom.sha1
Downloading https://repo1.maven.org/maven2/com/outr/scribe_2.12/2.5.0/scribe_2.12-2.5.0.pom.sha1
Downloaded https://repo1.maven.org/maven2/org/apache/logging/log4j/log4j-core/2.8.1/log4j-core-2.8.1.pom.sha1
Downloading https://repo1.maven.org/maven2/org/typelevel/machinist_2.12/0.6.2/machinist_2.12-0.6.2.pom.sha1
Downloaded https://repo1.maven.org/maven2/com/thesamet/scalapb/lenses_2.12/0.8.0-RC1/lenses_2.12-0.8.0-RC1.pom
Downloading https://repo1.maven.org/maven2/com/lmax/disruptor/3.3.6/disruptor-3.3.6.pom
Downloaded https://repo1.maven.org/maven2/com/eed3si9n/sjson-new-scalajson_2.12/0.8.2/sjson-new-scalajson_2.12-0.8.2.pom
Downloading https://repo1.maven.org/maven2/com/outr/scribe_2.12/2.5.0/scribe_2.12-2.5.0.pom
Downloaded https://repo1.maven.org/maven2/org/apache/logging/log4j/log4j-core/2.8.1/log4j-core-2.8.1.pom
Downloading https://repo1.maven.org/maven2/com/lihaoyi/fastparse_2.12/1.0.0/fastparse_2.12-1.0.0.pom
Downloaded https://repo1.maven.org/maven2/com/thesamet/scalapb/lenses_2.12/0.8.0-RC1/lenses_2.12-0.8.0-RC1.pom.sha1
Downloading https://repo1.maven.org/maven2/com/lihaoyi/fastparse_2.12/1.0.0/fastparse_2.12-1.0.0.pom.sha1
Downloaded https://repo1.maven.org/maven2/org/typelevel/machinist_2.12/0.6.2/machinist_2.12-0.6.2.pom.sha1
Downloaded https://repo1.maven.org/maven2/com/lmax/disruptor/3.3.6/disruptor-3.3.6.pom
Downloading https://repo1.maven.org/maven2/org/apache/logging/log4j/log4j-api/2.8.1/log4j-api-2.8.1.pom.sha1
Downloading https://repo1.maven.org/maven2/org/apache/logging/log4j/log4j-api/2.8.1/log4j-api-2.8.1.pom
Downloaded https://repo1.maven.org/maven2/com/outr/scribe_2.12/2.5.0/scribe_2.12-2.5.0.pom
Downloading https://repo1.maven.org/maven2/ch/epfl/scala/compiler-bridge_2.12/1.3.0-M4+22-4704d479/compiler-bridge_2.12-1.3.0-M4+22-4704d479.pom
Downloaded https://repo1.maven.org/maven2/com/lihaoyi/fastparse_2.12/1.0.0/fastparse_2.12-1.0.0.pom
Downloading https://repo1.maven.org/maven2/ch/epfl/scala/compiler-bridge_2.12/1.3.0-M4+22-4704d479/compiler-bridge_2.12-1.3.0-M4+22-4704d479.pom.sha1
Downloaded https://repo1.maven.org/maven2/com/lihaoyi/fastparse_2.12/1.0.0/fastparse_2.12-1.0.0.pom.sha1
Downloading https://repo1.maven.org/maven2/org/typelevel/cats-macros_2.12/1.0.1/cats-macros_2.12-1.0.1.pom
Downloaded https://repo1.maven.org/maven2/org/apache/logging/log4j/log4j-api/2.8.1/log4j-api-2.8.1.pom
Downloading https://repo1.maven.org/maven2/org/typelevel/cats-macros_2.12/1.0.1/cats-macros_2.12-1.0.1.pom.sha1
Downloaded https://repo1.maven.org/maven2/org/apache/logging/log4j/log4j-api/2.8.1/log4j-api-2.8.1.pom.sha1
Downloading https://repo1.maven.org/maven2/org/typelevel/machinist_2.12/0.6.2/machinist_2.12-0.6.2.pom
Downloaded https://repo1.maven.org/maven2/ch/epfl/scala/compiler-bridge_2.12/1.3.0-M4+22-4704d479/compiler-bridge_2.12-1.3.0-M4+22-4704d479.pom
Downloading https://repo1.maven.org/maven2/com/eed3si9n/sjson-new-murmurhash_2.12/0.8.0/sjson-new-murmurhash_2.12-0.8.0.pom
Downloaded https://repo1.maven.org/maven2/ch/epfl/scala/compiler-bridge_2.12/1.3.0-M4+22-4704d479/compiler-bridge_2.12-1.3.0-M4+22-4704d479.pom.sha1
Downloading https://repo1.maven.org/maven2/com/eed3si9n/sjson-new-murmurhash_2.12/0.8.0/sjson-new-murmurhash_2.12-0.8.0.pom.sha1
Downloaded https://repo1.maven.org/maven2/org/typelevel/cats-macros_2.12/1.0.1/cats-macros_2.12-1.0.1.pom
Downloading https://repo1.maven.org/maven2/org/typelevel/cats-core_2.12/1.1.0/cats-core_2.12-1.1.0.pom
Downloaded https://repo1.maven.org/maven2/com/outr/scribe_2.12/2.5.0/scribe_2.12-2.5.0.pom.sha1
Downloading https://repo1.maven.org/maven2/org/typelevel/cats-core_2.12/1.1.0/cats-core_2.12-1.1.0.pom.sha1
Downloaded https://repo1.maven.org/maven2/org/typelevel/cats-macros_2.12/1.0.1/cats-macros_2.12-1.0.1.pom.sha1
Downloaded https://repo1.maven.org/maven2/org/typelevel/machinist_2.12/0.6.2/machinist_2.12-0.6.2.pom
Downloading https://repo1.maven.org/maven2/org/scala-sbt/util-interface/1.2.1/
Downloading https://repo1.maven.org/maven2/com/swoval/apple-file-events/1.3.2/
Downloaded https://repo1.maven.org/maven2/com/eed3si9n/sjson-new-murmurhash_2.12/0.8.0/sjson-new-murmurhash_2.12-0.8.0.pom.sha1
Downloading https://repo1.maven.org/maven2/com/squareup/okhttp3/okhttp/3.7.0/
Downloaded https://repo1.maven.org/maven2/com/eed3si9n/sjson-new-murmurhash_2.12/0.8.0/sjson-new-murmurhash_2.12-0.8.0.pom
Downloaded https://repo1.maven.org/maven2/org/typelevel/cats-core_2.12/1.1.0/cats-core_2.12-1.1.0.pom.sha1
Downloading https://repo1.maven.org/maven2/org/typelevel/cats-kernel_2.12/1.0.1/
Downloaded https://repo1.maven.org/maven2/org/typelevel/cats-core_2.12/1.1.0/cats-core_2.12-1.1.0.pom
Downloading https://repo1.maven.org/maven2/jline/jline/2.14.4/
Downloading https://repo1.maven.org/maven2/com/eed3si9n/sjson-new-core_2.12/0.8.2/
Downloaded https://repo1.maven.org/maven2/org/scala-sbt/util-interface/1.2.1/
Downloading https://repo1.maven.org/maven2/com/beachape/enumeratum-macros_2.12/1.5.9/
Downloaded https://repo1.maven.org/maven2/com/swoval/apple-file-events/1.3.2/
Downloading https://repo1.maven.org/maven2/com/eed3si9n/sjson-new-scalajson_2.12/0.8.2/
Downloaded https://repo1.maven.org/maven2/com/squareup/okhttp3/okhttp/3.7.0/
Downloading https://repo1.maven.org/maven2/com/thesamet/scalapb/lenses_2.12/0.8.0-RC1/
Downloaded https://repo1.maven.org/maven2/org/typelevel/cats-kernel_2.12/1.0.1/
Downloading https://repo1.maven.org/maven2/org/typelevel/cats-macros_2.12/1.0.1/
Downloaded https://repo1.maven.org/maven2/jline/jline/2.14.4/
Downloading https://repo1.maven.org/maven2/org/apache/logging/log4j/log4j-core/2.8.1/
Downloaded https://repo1.maven.org/maven2/com/eed3si9n/sjson-new-core_2.12/0.8.2/
Downloading https://repo1.maven.org/maven2/com/lmax/disruptor/3.3.6/
Downloaded https://repo1.maven.org/maven2/com/beachape/enumeratum-macros_2.12/1.5.9/
Downloading https://repo1.maven.org/maven2/com/lihaoyi/fastparse_2.12/1.0.0/
Downloaded https://repo1.maven.org/maven2/com/eed3si9n/sjson-new-scalajson_2.12/0.8.2/
Downloading https://repo1.maven.org/maven2/org/typelevel/machinist_2.12/0.6.2/
Downloaded https://repo1.maven.org/maven2/com/thesamet/scalapb/lenses_2.12/0.8.0-RC1/
Downloading https://repo1.maven.org/maven2/org/apache/logging/log4j/log4j-api/2.8.1/
Downloaded https://repo1.maven.org/maven2/org/typelevel/cats-macros_2.12/1.0.1/
Downloading https://repo1.maven.org/maven2/com/outr/scribe_2.12/2.5.0/
Downloaded https://repo1.maven.org/maven2/com/lmax/disruptor/3.3.6/
Downloading https://repo1.maven.org/maven2/ch/epfl/scala/compiler-bridge_2.12/1.3.0-M4+22-4704d479/
Downloaded https://repo1.maven.org/maven2/org/apache/logging/log4j/log4j-core/2.8.1/
Downloading https://repo1.maven.org/maven2/com/eed3si9n/sjson-new-murmurhash_2.12/0.8.0/
Downloaded https://repo1.maven.org/maven2/com/lihaoyi/fastparse_2.12/1.0.0/
Downloaded https://repo1.maven.org/maven2/org/typelevel/machinist_2.12/0.6.2/
Downloading https://repo1.maven.org/maven2/org/typelevel/cats-core_2.12/1.1.0/
Downloaded https://repo1.maven.org/maven2/com/outr/scribe_2.12/2.5.0/
Downloading https://repo1.maven.org/maven2/com/eed3si9n/gigahorse-core_2.12/0.3.0/gigahorse-core_2.12-0.3.0.pom
Downloading https://repo1.maven.org/maven2/com/eed3si9n/gigahorse-core_2.12/0.3.0/gigahorse-core_2.12-0.3.0.pom.sha1
Downloaded https://repo1.maven.org/maven2/org/apache/logging/log4j/log4j-api/2.8.1/
Downloaded https://repo1.maven.org/maven2/ch/epfl/scala/compiler-bridge_2.12/1.3.0-M4+22-4704d479/
Downloaded https://repo1.maven.org/maven2/com/eed3si9n/sjson-new-murmurhash_2.12/0.8.0/
Downloaded https://repo1.maven.org/maven2/org/typelevel/cats-core_2.12/1.1.0/
Downloaded https://repo1.maven.org/maven2/com/eed3si9n/gigahorse-core_2.12/0.3.0/gigahorse-core_2.12-0.3.0.pom.sha1
Downloaded https://repo1.maven.org/maven2/com/eed3si9n/gigahorse-core_2.12/0.3.0/gigahorse-core_2.12-0.3.0.pom
Downloading https://repo1.maven.org/maven2/com/eed3si9n/gigahorse-core_2.12/0.3.0/
Downloaded https://repo1.maven.org/maven2/com/eed3si9n/gigahorse-core_2.12/0.3.0/
Downloading https://repo1.maven.org/maven2/org/apache/logging/log4j/log4j/2.8.1/log4j-2.8.1.pom
Downloading https://repo1.maven.org/maven2/org/apache/logging/log4j/log4j/2.8.1/log4j-2.8.1.pom.sha1
Downloading https://repo1.maven.org/maven2/org/sonatype/oss/oss-parent/9/
Downloaded https://repo1.maven.org/maven2/org/apache/logging/log4j/log4j/2.8.1/log4j-2.8.1.pom.sha1
Downloaded https://repo1.maven.org/maven2/org/sonatype/oss/oss-parent/9/
Downloaded https://repo1.maven.org/maven2/org/apache/logging/log4j/log4j/2.8.1/log4j-2.8.1.pom
Downloading https://repo1.maven.org/maven2/org/apache/logging/log4j/log4j/2.8.1/
Downloaded https://repo1.maven.org/maven2/org/apache/logging/log4j/log4j/2.8.1/
Downloading https://repo1.maven.org/maven2/org/apache/logging/logging-parent/1/logging-parent-1.pom
Downloading https://repo1.maven.org/maven2/org/apache/logging/logging-parent/1/logging-parent-1.pom.sha1
Downloaded https://repo1.maven.org/maven2/org/apache/logging/logging-parent/1/logging-parent-1.pom.sha1
Downloaded https://repo1.maven.org/maven2/org/apache/logging/logging-parent/1/logging-parent-1.pom
Downloading https://repo1.maven.org/maven2/org/apache/logging/logging-parent/1/
Downloaded https://repo1.maven.org/maven2/org/apache/logging/logging-parent/1/
Downloading https://repo1.maven.org/maven2/org/apache/apache/18/apache-18.pom
Downloading https://repo1.maven.org/maven2/org/apache/apache/18/apache-18.pom.sha1
Downloaded https://repo1.maven.org/maven2/org/apache/apache/18/apache-18.pom.sha1
Downloaded https://repo1.maven.org/maven2/org/apache/apache/18/apache-18.pom
Downloading https://repo1.maven.org/maven2/org/apache/apache/18/
Downloaded https://repo1.maven.org/maven2/org/apache/apache/18/
Downloading https://repo1.maven.org/maven2/com/outr/perfolation_2.12/1.0.2/perfolation_2.12-1.0.2.pom
Downloading https://repo1.maven.org/maven2/com/outr/perfolation_2.12/1.0.2/perfolation_2.12-1.0.2.pom.sha1
Downloading https://repo1.maven.org/maven2/com/squareup/okio/okio/1.12.0/okio-1.12.0.pom
Downloading https://repo1.maven.org/maven2/com/squareup/okio/okio/1.12.0/okio-1.12.0.pom.sha1
Downloading https://repo1.maven.org/maven2/com/eed3si9n/shaded-scalajson_2.12/1.0.0-M4/shaded-scalajson_2.12-1.0.0-M4.pom
Downloading https://repo1.maven.org/maven2/org/typelevel/cats-kernel_2.12/1.1.0/cats-kernel_2.12-1.1.0.pom.sha1
Downloaded https://repo1.maven.org/maven2/com/outr/perfolation_2.12/1.0.2/perfolation_2.12-1.0.2.pom.sha1
Downloading https://repo1.maven.org/maven2/com/eed3si9n/shaded-scalajson_2.12/1.0.0-M4/shaded-scalajson_2.12-1.0.0-M4.pom.sha1
Downloaded https://repo1.maven.org/maven2/org/typelevel/cats-kernel_2.12/1.1.0/cats-kernel_2.12-1.1.0.pom.sha1
Downloading https://repo1.maven.org/maven2/org/typelevel/cats-kernel_2.12/1.1.0/cats-kernel_2.12-1.1.0.pom
Downloaded https://repo1.maven.org/maven2/com/squareup/okio/okio/1.12.0/okio-1.12.0.pom.sha1
Downloaded https://repo1.maven.org/maven2/com/outr/perfolation_2.12/1.0.2/perfolation_2.12-1.0.2.pom
Downloading https://repo1.maven.org/maven2/org/typelevel/cats-macros_2.12/1.1.0/cats-macros_2.12-1.1.0.pom
Downloading https://repo1.maven.org/maven2/org/typelevel/cats-macros_2.12/1.1.0/cats-macros_2.12-1.1.0.pom.sha1
Downloaded https://repo1.maven.org/maven2/com/eed3si9n/shaded-scalajson_2.12/1.0.0-M4/shaded-scalajson_2.12-1.0.0-M4.pom
Downloading https://repo1.maven.org/maven2/com/lihaoyi/fastparse-utils_2.12/1.0.0/fastparse-utils_2.12-1.0.0.pom.sha1
Downloaded https://repo1.maven.org/maven2/org/typelevel/cats-macros_2.12/1.1.0/cats-macros_2.12-1.1.0.pom
Downloading https://repo1.maven.org/maven2/com/typesafe/ssl-config-core_2.12/0.2.2/ssl-config-core_2.12-0.2.2.pom
Downloaded https://repo1.maven.org/maven2/com/eed3si9n/shaded-scalajson_2.12/1.0.0-M4/shaded-scalajson_2.12-1.0.0-M4.pom.sha1
Downloading https://repo1.maven.org/maven2/com/typesafe/ssl-config-core_2.12/0.2.2/ssl-config-core_2.12-0.2.2.pom.sha1
Downloaded https://repo1.maven.org/maven2/org/typelevel/cats-kernel_2.12/1.1.0/cats-kernel_2.12-1.1.0.pom
Downloading https://repo1.maven.org/maven2/com/lihaoyi/fastparse-utils_2.12/1.0.0/fastparse-utils_2.12-1.0.0.pom
Downloaded https://repo1.maven.org/maven2/org/typelevel/cats-macros_2.12/1.1.0/cats-macros_2.12-1.1.0.pom.sha1
Downloaded https://repo1.maven.org/maven2/com/lihaoyi/fastparse-utils_2.12/1.0.0/fastparse-utils_2.12-1.0.0.pom.sha1
Downloading https://repo1.maven.org/maven2/com/outr/perfolation_2.12/1.0.2/
Downloading https://repo1.maven.org/maven2/com/outr/scribe-macros_2.12/2.5.0/scribe-macros_2.12-2.5.0.pom
Downloaded https://repo1.maven.org/maven2/com/typesafe/ssl-config-core_2.12/0.2.2/ssl-config-core_2.12-0.2.2.pom.sha1
Downloading https://repo1.maven.org/maven2/com/outr/scribe-macros_2.12/2.5.0/scribe-macros_2.12-2.5.0.pom.sha1
Downloaded https://repo1.maven.org/maven2/com/typesafe/ssl-config-core_2.12/0.2.2/ssl-config-core_2.12-0.2.2.pom
Downloading https://repo1.maven.org/maven2/org/typelevel/cats-macros_2.12/1.1.0/
Downloaded https://repo1.maven.org/maven2/com/squareup/okio/okio/1.12.0/okio-1.12.0.pom
Downloading https://repo1.maven.org/maven2/org/typelevel/cats-kernel_2.12/1.1.0/
Downloaded https://repo1.maven.org/maven2/com/outr/perfolation_2.12/1.0.2/
Downloading https://repo1.maven.org/maven2/com/eed3si9n/shaded-scalajson_2.12/1.0.0-M4/
Downloaded https://repo1.maven.org/maven2/com/lihaoyi/fastparse-utils_2.12/1.0.0/fastparse-utils_2.12-1.0.0.pom
Downloaded https://repo1.maven.org/maven2/com/outr/scribe-macros_2.12/2.5.0/scribe-macros_2.12-2.5.0.pom
Downloading https://repo1.maven.org/maven2/com/typesafe/ssl-config-core_2.12/0.2.2/
Downloading https://repo1.maven.org/maven2/com/lihaoyi/fastparse-utils_2.12/1.0.0/
Downloaded https://repo1.maven.org/maven2/com/outr/scribe-macros_2.12/2.5.0/scribe-macros_2.12-2.5.0.pom.sha1
Downloading https://repo1.maven.org/maven2/com/squareup/okio/okio/1.12.0/
Downloaded https://repo1.maven.org/maven2/org/typelevel/cats-macros_2.12/1.1.0/
Downloading https://repo1.maven.org/maven2/com/outr/scribe-macros_2.12/2.5.0/
Downloaded https://repo1.maven.org/maven2/com/eed3si9n/shaded-scalajson_2.12/1.0.0-M4/
Downloaded https://repo1.maven.org/maven2/org/typelevel/cats-kernel_2.12/1.1.0/
Downloaded https://repo1.maven.org/maven2/com/lihaoyi/fastparse-utils_2.12/1.0.0/
Downloaded https://repo1.maven.org/maven2/com/typesafe/ssl-config-core_2.12/0.2.2/
Downloaded https://repo1.maven.org/maven2/com/squareup/okio/okio/1.12.0/
Downloaded https://repo1.maven.org/maven2/com/outr/scribe-macros_2.12/2.5.0/
Downloading https://repo1.maven.org/maven2/com/squareup/okio/okio-parent/1.12.0/okio-parent-1.12.0.pom.sha1
Downloading https://repo1.maven.org/maven2/com/squareup/okio/okio-parent/1.12.0/okio-parent-1.12.0.pom
Downloaded https://repo1.maven.org/maven2/com/squareup/okio/okio-parent/1.12.0/okio-parent-1.12.0.pom.sha1
Downloaded https://repo1.maven.org/maven2/com/squareup/okio/okio-parent/1.12.0/okio-parent-1.12.0.pom
Downloading https://repo1.maven.org/maven2/com/squareup/okio/okio-parent/1.12.0/
Downloaded https://repo1.maven.org/maven2/com/squareup/okio/okio-parent/1.12.0/
Downloading https://repo1.maven.org/maven2/com/outr/perfolation-macros_2.12/1.0.2/perfolation-macros_2.12-1.0.2.pom
Downloading https://repo1.maven.org/maven2/com/typesafe/config/1.2.0/config-1.2.0.pom.sha1
Downloading https://repo1.maven.org/maven2/com/outr/perfolation-macros_2.12/1.0.2/perfolation-macros_2.12-1.0.2.pom.sha1
Downloading https://repo1.maven.org/maven2/com/typesafe/config/1.2.0/config-1.2.0.pom
Downloaded https://repo1.maven.org/maven2/com/outr/perfolation-macros_2.12/1.0.2/perfolation-macros_2.12-1.0.2.pom
Downloaded https://repo1.maven.org/maven2/com/typesafe/config/1.2.0/config-1.2.0.pom
Downloaded https://repo1.maven.org/maven2/com/outr/perfolation-macros_2.12/1.0.2/perfolation-macros_2.12-1.0.2.pom.sha1
Downloaded https://repo1.maven.org/maven2/com/typesafe/config/1.2.0/config-1.2.0.pom.sha1
Downloading https://repo1.maven.org/maven2/com/outr/perfolation-macros_2.12/1.0.2/
Downloading https://repo1.maven.org/maven2/com/typesafe/config/1.2.0/
Downloaded https://repo1.maven.org/maven2/com/typesafe/config/1.2.0/
Downloaded https://repo1.maven.org/maven2/com/outr/perfolation-macros_2.12/1.0.2/
The server is listening for incoming connections at local:///var/folders/rh/3hm6djwx6nd3pz6j10ts_6tr0000gn/T/bsp3590273859846998390/1amprfjxbzt0x.socket...
Accepted incoming BSP client connection at local:///var/folders/rh/3hm6djwx6nd3pz6j10ts_6tr0000gn/T/bsp3590273859846998390/1amprfjxbzt0x.socket
INFO  tracing is disabled for protocol BSP, to enable tracing of incoming and outgoing JSON messages create an empty file at /Users/Jonathan/Library/Caches/org.scalameta.metals/bsp.trace.json
request received: build/initialize
INFO  time: connected to build server in 13s
BSP initialization handshake complete.
INFO  time: imported build in 0.11s
INFO  time: indexed workspace in 2.75s
WARN  no build target: /Users/Jonathan/Documents/GitHub/rayTracing/raytracing/build.sbt
WARN  no build target: /Users/Jonathan/Documents/GitHub/rayTracing/raytracing/build.sbt
WARN  no build target: /Users/Jonathan/Documents/GitHub/rayTracing/raytracing/build.sbt
